<?xml version="1.0" encoding="UTF-8"?>
<testsuite name="tourGuide.performanceTest.TestPerformance" tests="2" skipped="0" failures="0" errors="0" timestamp="2023-03-15T09:56:10" hostname="macbook-pro-de-quentin.home" time="727.305">
  <properties/>
  <testcase name="highVolumeTrackLocation()" classname="tourGuide.performanceTest.TestPerformance" time="206.07"/>
  <testcase name="highVolumeGetRewards()" classname="tourGuide.performanceTest.TestPerformance" time="521.207"/>
  <system-out><![CDATA[10:55:59.004 [Test worker] DEBUG org.springframework.test.context.BootstrapUtils - Instantiating CacheAwareContextLoaderDelegate from class [org.springframework.test.context.cache.DefaultCacheAwareContextLoaderDelegate]
10:55:59.035 [Test worker] DEBUG org.springframework.test.context.BootstrapUtils - Instantiating BootstrapContext using constructor [public org.springframework.test.context.support.DefaultBootstrapContext(java.lang.Class,org.springframework.test.context.CacheAwareContextLoaderDelegate)]
10:55:59.162 [Test worker] DEBUG org.springframework.test.context.BootstrapUtils - Instantiating TestContextBootstrapper for test class [tourGuide.performanceTest.TestPerformance] from class [org.springframework.boot.test.context.SpringBootTestContextBootstrapper]
10:55:59.201 [Test worker] INFO org.springframework.boot.test.context.SpringBootTestContextBootstrapper - Neither @ContextConfiguration nor @ContextHierarchy found for test class [tourGuide.performanceTest.TestPerformance], using SpringBootContextLoader
10:55:59.221 [Test worker] DEBUG org.springframework.test.context.support.AbstractContextLoader - Did not detect default resource location for test class [tourGuide.performanceTest.TestPerformance]: class path resource [tourGuide/performanceTest/TestPerformance-context.xml] does not exist
10:55:59.221 [Test worker] DEBUG org.springframework.test.context.support.AbstractContextLoader - Did not detect default resource location for test class [tourGuide.performanceTest.TestPerformance]: class path resource [tourGuide/performanceTest/TestPerformanceContext.groovy] does not exist
10:55:59.221 [Test worker] INFO org.springframework.test.context.support.AbstractContextLoader - Could not detect default resource locations for test class [tourGuide.performanceTest.TestPerformance]: no resource found for suffixes {-context.xml, Context.groovy}.
10:55:59.223 [Test worker] INFO org.springframework.test.context.support.AnnotationConfigContextLoaderUtils - Could not detect default configuration classes for test class [tourGuide.performanceTest.TestPerformance]: TestPerformance does not declare any static, non-private, non-final, nested classes annotated with @Configuration.
10:55:59.314 [Test worker] DEBUG org.springframework.test.context.support.ActiveProfilesUtils - Could not find an 'annotation declaring class' for annotation type [org.springframework.test.context.ActiveProfiles] and class [tourGuide.performanceTest.TestPerformance]
10:55:59.494 [Test worker] DEBUG org.springframework.context.annotation.ClassPathScanningCandidateComponentProvider - Identified candidate component class: file [/Users/quentincaracatzanis/Documents/Dev/GitHub/JavaPathENProject8/TourGuide/build/classes/java/main/tourGuide/Application.class]
10:55:59.496 [Test worker] INFO org.springframework.boot.test.context.SpringBootTestContextBootstrapper - Found @SpringBootConfiguration tourGuide.Application for test class tourGuide.performanceTest.TestPerformance
10:55:59.709 [Test worker] DEBUG org.springframework.boot.test.context.SpringBootTestContextBootstrapper - @TestExecutionListeners is not present for class [tourGuide.performanceTest.TestPerformance]: using defaults.
10:55:59.711 [Test worker] INFO org.springframework.boot.test.context.SpringBootTestContextBootstrapper - Loaded default TestExecutionListener class names from location [META-INF/spring.factories]: [org.springframework.boot.test.autoconfigure.restdocs.RestDocsTestExecutionListener, org.springframework.boot.test.autoconfigure.web.client.MockRestServiceServerResetTestExecutionListener, org.springframework.boot.test.autoconfigure.web.servlet.MockMvcPrintOnlyOnFailureTestExecutionListener, org.springframework.boot.test.autoconfigure.web.servlet.WebDriverTestExecutionListener, org.springframework.boot.test.autoconfigure.webservices.client.MockWebServiceServerTestExecutionListener, org.springframework.boot.test.mock.mockito.MockitoTestExecutionListener, org.springframework.boot.test.mock.mockito.ResetMocksTestExecutionListener, org.springframework.test.context.web.ServletTestExecutionListener, org.springframework.test.context.support.DirtiesContextBeforeModesTestExecutionListener, org.springframework.test.context.event.ApplicationEventsTestExecutionListener, org.springframework.test.context.support.DependencyInjectionTestExecutionListener, org.springframework.test.context.support.DirtiesContextTestExecutionListener, org.springframework.test.context.transaction.TransactionalTestExecutionListener, org.springframework.test.context.jdbc.SqlScriptsTestExecutionListener, org.springframework.test.context.event.EventPublishingTestExecutionListener]
10:55:59.733 [Test worker] DEBUG org.springframework.boot.test.context.SpringBootTestContextBootstrapper - Skipping candidate TestExecutionListener [org.springframework.test.context.transaction.TransactionalTestExecutionListener] due to a missing dependency. Specify custom listener classes or make the default listener classes and their required dependencies available. Offending class: [org/springframework/transaction/TransactionDefinition]
10:55:59.735 [Test worker] DEBUG org.springframework.boot.test.context.SpringBootTestContextBootstrapper - Skipping candidate TestExecutionListener [org.springframework.test.context.jdbc.SqlScriptsTestExecutionListener] due to a missing dependency. Specify custom listener classes or make the default listener classes and their required dependencies available. Offending class: [org/springframework/transaction/interceptor/TransactionAttribute]
10:55:59.735 [Test worker] INFO org.springframework.boot.test.context.SpringBootTestContextBootstrapper - Using TestExecutionListeners: [org.springframework.test.context.web.ServletTestExecutionListener@1f70bce5, org.springframework.test.context.support.DirtiesContextBeforeModesTestExecutionListener@3ae91ab3, org.springframework.test.context.event.ApplicationEventsTestExecutionListener@16cb6f51, org.springframework.boot.test.mock.mockito.MockitoTestExecutionListener@3fc5d397, org.springframework.boot.test.autoconfigure.SpringBootDependencyInjectionTestExecutionListener@25c8c71e, org.springframework.test.context.support.DirtiesContextTestExecutionListener@57867d96, org.springframework.test.context.event.EventPublishingTestExecutionListener@1a7a21d0, org.springframework.boot.test.autoconfigure.restdocs.RestDocsTestExecutionListener@bb21063, org.springframework.boot.test.autoconfigure.web.client.MockRestServiceServerResetTestExecutionListener@6821c63c, org.springframework.boot.test.autoconfigure.web.servlet.MockMvcPrintOnlyOnFailureTestExecutionListener@c2f7c63, org.springframework.boot.test.autoconfigure.web.servlet.WebDriverTestExecutionListener@4790b897, org.springframework.boot.test.autoconfigure.webservices.client.MockWebServiceServerTestExecutionListener@5cba890e, org.springframework.boot.test.mock.mockito.ResetMocksTestExecutionListener@3a4cb483]
10:55:59.742 [Test worker] DEBUG org.springframework.test.context.support.AbstractDirtiesContextTestExecutionListener - Before test class: context [DefaultTestContext@2d3d4a54 testClass = TestPerformance, testInstance = [null], testMethod = [null], testException = [null], mergedContextConfiguration = [WebMergedContextConfiguration@215c6ec0 testClass = TestPerformance, locations = '{}', classes = '{class tourGuide.Application}', contextInitializerClasses = '[]', activeProfiles = '{}', propertySourceLocations = '{}', propertySourceProperties = '{org.springframework.boot.test.context.SpringBootTestContextBootstrapper=true}', contextCustomizers = set[org.springframework.boot.test.autoconfigure.actuate.metrics.MetricsExportContextCustomizerFactory$DisableMetricExportContextCustomizer@6f91fbda, org.springframework.boot.test.autoconfigure.properties.PropertyMappingContextCustomizer@0, org.springframework.boot.test.autoconfigure.web.servlet.WebDriverContextCustomizerFactory$Customizer@67f946c3, org.springframework.boot.test.context.filter.ExcludeFilterContextCustomizer@4fd74223, org.springframework.boot.test.json.DuplicateJsonObjectContextCustomizerFactory$DuplicateJsonObjectContextCustomizer@216c22ce, org.springframework.boot.test.mock.mockito.MockitoContextCustomizer@0, org.springframework.boot.test.web.client.TestRestTemplateContextCustomizer@5c448ef, org.springframework.boot.test.context.SpringBootTestArgs@1, org.springframework.boot.test.context.SpringBootTestWebEnvironment@4349754], resourceBasePath = 'src/main/webapp', contextLoader = 'org.springframework.boot.test.context.SpringBootContextLoader', parent = [null]], attributes = map['org.springframework.test.context.web.ServletTestExecutionListener.activateListener' -> true]], class annotated with @DirtiesContext [false] with mode [null].

  .   ____          _            __ _ _
 /\\ / ___'_ __ _ _(_)_ __  __ _ \ \ \ \
( ( )\___ | '_ | '_| | '_ \/ _` | \ \ \ \
 \\/  ___)| |_)| | | | | || (_| |  ) ) ) )
  '  |____| .__|_| |_|_| |_\__, | / / / /
 =========|_|==============|___/=/_/_/_/
 :: Spring Boot ::                (v2.7.8)

2023-03-15 10:56:00.916  INFO 30908 --- [    Test worker] t.performanceTest.TestPerformance        : Starting TestPerformance using Java 1.8.0_362 on macbook-pro-de-quentin.home with PID 30908 (started by quentincaracatzanis in /Users/quentincaracatzanis/Documents/Dev/GitHub/JavaPathENProject8/TourGuide)
2023-03-15 10:56:00.921 DEBUG 30908 --- [    Test worker] t.performanceTest.TestPerformance        : Running with Spring Boot v2.7.8, Spring v5.3.25
2023-03-15 10:56:00.926  INFO 30908 --- [    Test worker] t.performanceTest.TestPerformance        : No active profile set, falling back to 1 default profile: "default"
2023-03-15 10:56:04.187  INFO 30908 --- [    Test worker] o.s.cloud.context.scope.GenericScope     : BeanFactory id=9020db6b-f75e-3640-99c0-15208062bd34
2023-03-15 10:56:05.866  INFO 30908 --- [    Test worker] tourGuide.service.TourGuideService       : TestMode enabled
2023-03-15 10:56:05.868 DEBUG 30908 --- [    Test worker] tourGuide.service.TourGuideService       : Initializing users
2023-03-15 10:56:05.924  INFO 30908 --- [    Test worker] o.j.m.DefaultMonetaryContextFactory      : Using custom MathContext: precision=256, roundingMode=HALF_EVEN
2023-03-15 10:56:05.963 DEBUG 30908 --- [    Test worker] tourGuide.service.TourGuideService       : Created 100 internal test users.
2023-03-15 10:56:05.963 DEBUG 30908 --- [    Test worker] tourGuide.service.TourGuideService       : Finished initializing users
2023-03-15 10:56:05.981 DEBUG 30908 --- [pool-3-thread-1] tourGuide.tracker.Tracker                : Begin Tracker. Tracking 100 users.
2023-03-15 10:56:09.840  INFO 30908 --- [    Test worker] o.s.b.a.e.web.EndpointLinksResolver      : Exposing 1 endpoint(s) beneath base path '/actuator'
2023-03-15 10:56:09.964  INFO 30908 --- [    Test worker] t.performanceTest.TestPerformance        : Started TestPerformance in 10.136 seconds (JVM running for 13.482)
2023-03-15 10:56:10.544  INFO 30908 --- [    Test worker] tourGuide.service.TourGuideService       : TestMode enabled
2023-03-15 10:56:10.546 DEBUG 30908 --- [    Test worker] tourGuide.service.TourGuideService       : Initializing users
2023-03-15 10:56:11.399 DEBUG 30908 --- [    Test worker] tourGuide.service.TourGuideService       : Created 100000 internal test users.
2023-03-15 10:56:11.401 DEBUG 30908 --- [    Test worker] tourGuide.service.TourGuideService       : Finished initializing users
2023-03-15 10:56:11.430 DEBUG 30908 --- [pool-7-thread-1] tourGuide.tracker.Tracker                : Begin Tracker. Tracking 100000 users.
2023-03-15 10:56:23.401 DEBUG 30908 --- [pool-3-thread-1] tourGuide.tracker.Tracker                : Tracker Time Elapsed: 17 seconds.
2023-03-15 10:56:23.409 DEBUG 30908 --- [pool-3-thread-1] tourGuide.tracker.Tracker                : Tracker sleeping
highVolumeTrackLocation: Time Elapsed: 204 seconds.
2023-03-15 10:59:36.190  INFO 30908 --- [    Test worker] tourGuide.service.TourGuideService       : TestMode enabled
2023-03-15 10:59:36.193 DEBUG 30908 --- [    Test worker] tourGuide.service.TourGuideService       : Initializing users
2023-03-15 10:59:36.898 DEBUG 30908 --- [    Test worker] tourGuide.service.TourGuideService       : Created 100000 internal test users.
2023-03-15 10:59:36.900 DEBUG 30908 --- [    Test worker] tourGuide.service.TourGuideService       : Finished initializing users
2023-03-15 10:59:36.910 DEBUG 30908 --- [ool-10-thread-1] tourGuide.tracker.Tracker                : Begin Tracker. Tracking 100000 users.
2023-03-15 11:01:23.416 DEBUG 30908 --- [pool-3-thread-1] tourGuide.tracker.Tracker                : Begin Tracker. Tracking 100 users.
2023-03-15 11:01:30.527 DEBUG 30908 --- [pool-3-thread-1] tourGuide.tracker.Tracker                : Tracker Time Elapsed: 7 seconds.
2023-03-15 11:01:30.528 DEBUG 30908 --- [pool-3-thread-1] tourGuide.tracker.Tracker                : Tracker sleeping
2023-03-15 11:06:30.535 DEBUG 30908 --- [pool-3-thread-1] tourGuide.tracker.Tracker                : Begin Tracker. Tracking 100 users.
2023-03-15 11:06:37.485 DEBUG 30908 --- [pool-3-thread-1] tourGuide.tracker.Tracker                : Tracker Time Elapsed: 6 seconds.
2023-03-15 11:06:37.486 DEBUG 30908 --- [pool-3-thread-1] tourGuide.tracker.Tracker                : Tracker sleeping
highVolumeGetRewards: Time Elapsed: 521 seconds.
]]></system-out>
  <system-err><![CDATA[]]></system-err>
</testsuite>
