<?xml version="1.0" encoding="UTF-8"?>
<testsuite name="tourGuide.serviceTest.RewardsServiceTest" tests="3" skipped="0" failures="0" errors="0" timestamp="2023-03-15T16:48:32" hostname="macbook-pro-de-quentin.home" time="12.022">
  <properties/>
  <testcase name="userGetRewardsTest()" classname="tourGuide.serviceTest.RewardsServiceTest" time="0.449"/>
  <testcase name="isWithinAttractionProximityTest()" classname="tourGuide.serviceTest.RewardsServiceTest" time="0.02"/>
  <testcase name="nearAllAttractionsTest()" classname="tourGuide.serviceTest.RewardsServiceTest" time="11.54"/>
  <system-out><![CDATA[2023-03-15 17:48:32.766  INFO 13336 --- [    Test worker] .b.t.c.SpringBootTestContextBootstrapper : Neither @ContextConfiguration nor @ContextHierarchy found for test class [tourGuide.serviceTest.RewardsServiceTest], using SpringBootContextLoader
2023-03-15 17:48:32.774  INFO 13336 --- [    Test worker] o.s.t.c.support.AbstractContextLoader    : Could not detect default resource locations for test class [tourGuide.serviceTest.RewardsServiceTest]: no resource found for suffixes {-context.xml, Context.groovy}.
2023-03-15 17:48:32.776  INFO 13336 --- [    Test worker] t.c.s.AnnotationConfigContextLoaderUtils : Could not detect default configuration classes for test class [tourGuide.serviceTest.RewardsServiceTest]: RewardsServiceTest does not declare any static, non-private, non-final, nested classes annotated with @Configuration.
2023-03-15 17:48:32.815  INFO 13336 --- [    Test worker] .b.t.c.SpringBootTestContextBootstrapper : Found @SpringBootConfiguration tourGuide.Application for test class tourGuide.serviceTest.RewardsServiceTest
2023-03-15 17:48:32.827  INFO 13336 --- [    Test worker] .b.t.c.SpringBootTestContextBootstrapper : Loaded default TestExecutionListener class names from location [META-INF/spring.factories]: [org.springframework.boot.test.autoconfigure.restdocs.RestDocsTestExecutionListener, org.springframework.boot.test.autoconfigure.web.client.MockRestServiceServerResetTestExecutionListener, org.springframework.boot.test.autoconfigure.web.servlet.MockMvcPrintOnlyOnFailureTestExecutionListener, org.springframework.boot.test.autoconfigure.web.servlet.WebDriverTestExecutionListener, org.springframework.boot.test.autoconfigure.webservices.client.MockWebServiceServerTestExecutionListener, org.springframework.boot.test.mock.mockito.MockitoTestExecutionListener, org.springframework.boot.test.mock.mockito.ResetMocksTestExecutionListener, org.springframework.test.context.web.ServletTestExecutionListener, org.springframework.test.context.support.DirtiesContextBeforeModesTestExecutionListener, org.springframework.test.context.event.ApplicationEventsTestExecutionListener, org.springframework.test.context.support.DependencyInjectionTestExecutionListener, org.springframework.test.context.support.DirtiesContextTestExecutionListener, org.springframework.test.context.transaction.TransactionalTestExecutionListener, org.springframework.test.context.jdbc.SqlScriptsTestExecutionListener, org.springframework.test.context.event.EventPublishingTestExecutionListener]
2023-03-15 17:48:32.828  INFO 13336 --- [    Test worker] .b.t.c.SpringBootTestContextBootstrapper : Using TestExecutionListeners: [org.springframework.test.context.web.ServletTestExecutionListener@34fa0b3f, org.springframework.test.context.support.DirtiesContextBeforeModesTestExecutionListener@4b48169d, org.springframework.test.context.event.ApplicationEventsTestExecutionListener@4aa4a9d5, org.springframework.boot.test.mock.mockito.MockitoTestExecutionListener@67c46c9e, org.springframework.boot.test.autoconfigure.SpringBootDependencyInjectionTestExecutionListener@38330aa, org.springframework.test.context.support.DirtiesContextTestExecutionListener@87422b9, org.springframework.test.context.event.EventPublishingTestExecutionListener@67f1d863, org.springframework.boot.test.autoconfigure.restdocs.RestDocsTestExecutionListener@2315f89f, org.springframework.boot.test.autoconfigure.web.client.MockRestServiceServerResetTestExecutionListener@39898a37, org.springframework.boot.test.autoconfigure.web.servlet.MockMvcPrintOnlyOnFailureTestExecutionListener@10c10655, org.springframework.boot.test.autoconfigure.web.servlet.WebDriverTestExecutionListener@799af6ee, org.springframework.boot.test.autoconfigure.webservices.client.MockWebServiceServerTestExecutionListener@75472842, org.springframework.boot.test.mock.mockito.ResetMocksTestExecutionListener@eaccef]
2023-03-15 17:48:32.885  INFO 13336 --- [    Test worker] tourGuide.service.TourGuideService       : TestMode enabled
2023-03-15 17:48:32.885 DEBUG 13336 --- [    Test worker] tourGuide.service.TourGuideService       : Initializing users
2023-03-15 17:48:32.886 DEBUG 13336 --- [    Test worker] tourGuide.service.TourGuideService       : Created 0 internal test users.
2023-03-15 17:48:32.886 DEBUG 13336 --- [    Test worker] tourGuide.service.TourGuideService       : Finished initializing users
2023-03-15 17:48:32.890 DEBUG 13336 --- [ool-13-thread-1] tourGuide.tracker.Tracker                : Begin Tracker. Tracking 0 users.
2023-03-15 17:48:32.891 DEBUG 13336 --- [ool-13-thread-1] tourGuide.tracker.Tracker                : Tracker Time Elapsed: 0 seconds.
2023-03-15 17:48:32.891 DEBUG 13336 --- [ool-13-thread-1] tourGuide.tracker.Tracker                : Tracker sleeping
2023-03-15 17:48:33.366  INFO 13336 --- [    Test worker] tourGuide.service.TourGuideService       : TestMode enabled
2023-03-15 17:48:33.367 DEBUG 13336 --- [    Test worker] tourGuide.service.TourGuideService       : Initializing users
2023-03-15 17:48:33.370 DEBUG 13336 --- [    Test worker] tourGuide.service.TourGuideService       : Created 1 internal test users.
2023-03-15 17:48:33.371 DEBUG 13336 --- [    Test worker] tourGuide.service.TourGuideService       : Finished initializing users
2023-03-15 17:48:33.373 DEBUG 13336 --- [ool-17-thread-1] tourGuide.tracker.Tracker                : Begin Tracker. Tracking 1 users.
2023-03-15 17:48:33.433 DEBUG 13336 --- [ool-17-thread-1] tourGuide.tracker.Tracker                : Tracker Time Elapsed: 0 seconds.
2023-03-15 17:48:33.433 DEBUG 13336 --- [ool-17-thread-1] tourGuide.tracker.Tracker                : Tracker sleeping
]]></system-out>
  <system-err><![CDATA[]]></system-err>
</testsuite>
