<?xml version="1.0" encoding="UTF-8"?>
<testsuite name="tourGuide.performanceTest.TestPerformance" tests="2" skipped="0" failures="0" errors="0" timestamp="2023-03-11T19:46:20" hostname="macbook-pro-de-quentin.home" time="1220.11">
  <properties/>
  <testcase name="highVolumeTrackLocation()" classname="tourGuide.performanceTest.TestPerformance" time="205.882"/>
  <testcase name="highVolumeGetRewards()" classname="tourGuide.performanceTest.TestPerformance" time="1014.18"/>
  <system-out><![CDATA[20:46:08.805 [Test worker] DEBUG org.springframework.test.context.BootstrapUtils - Instantiating CacheAwareContextLoaderDelegate from class [org.springframework.test.context.cache.DefaultCacheAwareContextLoaderDelegate]
20:46:08.832 [Test worker] DEBUG org.springframework.test.context.BootstrapUtils - Instantiating BootstrapContext using constructor [public org.springframework.test.context.support.DefaultBootstrapContext(java.lang.Class,org.springframework.test.context.CacheAwareContextLoaderDelegate)]
20:46:08.960 [Test worker] DEBUG org.springframework.test.context.BootstrapUtils - Instantiating TestContextBootstrapper for test class [tourGuide.performanceTest.TestPerformance] from class [org.springframework.boot.test.context.SpringBootTestContextBootstrapper]
20:46:08.989 [Test worker] INFO org.springframework.boot.test.context.SpringBootTestContextBootstrapper - Neither @ContextConfiguration nor @ContextHierarchy found for test class [tourGuide.performanceTest.TestPerformance], using SpringBootContextLoader
20:46:09.010 [Test worker] DEBUG org.springframework.test.context.support.AbstractContextLoader - Did not detect default resource location for test class [tourGuide.performanceTest.TestPerformance]: class path resource [tourGuide/performanceTest/TestPerformance-context.xml] does not exist
20:46:09.010 [Test worker] DEBUG org.springframework.test.context.support.AbstractContextLoader - Did not detect default resource location for test class [tourGuide.performanceTest.TestPerformance]: class path resource [tourGuide/performanceTest/TestPerformanceContext.groovy] does not exist
20:46:09.011 [Test worker] INFO org.springframework.test.context.support.AbstractContextLoader - Could not detect default resource locations for test class [tourGuide.performanceTest.TestPerformance]: no resource found for suffixes {-context.xml, Context.groovy}.
20:46:09.013 [Test worker] INFO org.springframework.test.context.support.AnnotationConfigContextLoaderUtils - Could not detect default configuration classes for test class [tourGuide.performanceTest.TestPerformance]: TestPerformance does not declare any static, non-private, non-final, nested classes annotated with @Configuration.
20:46:09.129 [Test worker] DEBUG org.springframework.test.context.support.ActiveProfilesUtils - Could not find an 'annotation declaring class' for annotation type [org.springframework.test.context.ActiveProfiles] and class [tourGuide.performanceTest.TestPerformance]
20:46:09.271 [Test worker] DEBUG org.springframework.context.annotation.ClassPathScanningCandidateComponentProvider - Identified candidate component class: file [/Users/quentincaracatzanis/Documents/Dev/GitHub/JavaPathENProject8/TourGuide/build/classes/java/main/tourGuide/Application.class]
20:46:09.283 [Test worker] INFO org.springframework.boot.test.context.SpringBootTestContextBootstrapper - Found @SpringBootConfiguration tourGuide.Application for test class tourGuide.performanceTest.TestPerformance
20:46:09.495 [Test worker] DEBUG org.springframework.boot.test.context.SpringBootTestContextBootstrapper - @TestExecutionListeners is not present for class [tourGuide.performanceTest.TestPerformance]: using defaults.
20:46:09.497 [Test worker] INFO org.springframework.boot.test.context.SpringBootTestContextBootstrapper - Loaded default TestExecutionListener class names from location [META-INF/spring.factories]: [org.springframework.boot.test.autoconfigure.restdocs.RestDocsTestExecutionListener, org.springframework.boot.test.autoconfigure.web.client.MockRestServiceServerResetTestExecutionListener, org.springframework.boot.test.autoconfigure.web.servlet.MockMvcPrintOnlyOnFailureTestExecutionListener, org.springframework.boot.test.autoconfigure.web.servlet.WebDriverTestExecutionListener, org.springframework.boot.test.autoconfigure.webservices.client.MockWebServiceServerTestExecutionListener, org.springframework.boot.test.mock.mockito.MockitoTestExecutionListener, org.springframework.boot.test.mock.mockito.ResetMocksTestExecutionListener, org.springframework.test.context.web.ServletTestExecutionListener, org.springframework.test.context.support.DirtiesContextBeforeModesTestExecutionListener, org.springframework.test.context.event.ApplicationEventsTestExecutionListener, org.springframework.test.context.support.DependencyInjectionTestExecutionListener, org.springframework.test.context.support.DirtiesContextTestExecutionListener, org.springframework.test.context.transaction.TransactionalTestExecutionListener, org.springframework.test.context.jdbc.SqlScriptsTestExecutionListener, org.springframework.test.context.event.EventPublishingTestExecutionListener]
20:46:09.523 [Test worker] DEBUG org.springframework.boot.test.context.SpringBootTestContextBootstrapper - Skipping candidate TestExecutionListener [org.springframework.test.context.transaction.TransactionalTestExecutionListener] due to a missing dependency. Specify custom listener classes or make the default listener classes and their required dependencies available. Offending class: [org/springframework/transaction/TransactionDefinition]
20:46:09.525 [Test worker] DEBUG org.springframework.boot.test.context.SpringBootTestContextBootstrapper - Skipping candidate TestExecutionListener [org.springframework.test.context.jdbc.SqlScriptsTestExecutionListener] due to a missing dependency. Specify custom listener classes or make the default listener classes and their required dependencies available. Offending class: [org/springframework/transaction/interceptor/TransactionAttribute]
20:46:09.525 [Test worker] INFO org.springframework.boot.test.context.SpringBootTestContextBootstrapper - Using TestExecutionListeners: [org.springframework.test.context.web.ServletTestExecutionListener@6821c63c, org.springframework.test.context.support.DirtiesContextBeforeModesTestExecutionListener@c2f7c63, org.springframework.test.context.event.ApplicationEventsTestExecutionListener@4790b897, org.springframework.boot.test.mock.mockito.MockitoTestExecutionListener@5cba890e, org.springframework.boot.test.autoconfigure.SpringBootDependencyInjectionTestExecutionListener@3a4cb483, org.springframework.test.context.support.DirtiesContextTestExecutionListener@4d770bcd, org.springframework.test.context.event.EventPublishingTestExecutionListener@fe156f4, org.springframework.boot.test.autoconfigure.restdocs.RestDocsTestExecutionListener@79b4cff, org.springframework.boot.test.autoconfigure.web.client.MockRestServiceServerResetTestExecutionListener@58ac0823, org.springframework.boot.test.autoconfigure.web.servlet.MockMvcPrintOnlyOnFailureTestExecutionListener@2d705998, org.springframework.boot.test.autoconfigure.web.servlet.WebDriverTestExecutionListener@28a3fc34, org.springframework.boot.test.autoconfigure.webservices.client.MockWebServiceServerTestExecutionListener@7582a16b, org.springframework.boot.test.mock.mockito.ResetMocksTestExecutionListener@4dd752e8]
20:46:09.533 [Test worker] DEBUG org.springframework.test.context.support.AbstractDirtiesContextTestExecutionListener - Before test class: context [DefaultTestContext@5751e53e testClass = TestPerformance, testInstance = [null], testMethod = [null], testException = [null], mergedContextConfiguration = [WebMergedContextConfiguration@4e45fbd0 testClass = TestPerformance, locations = '{}', classes = '{class tourGuide.Application}', contextInitializerClasses = '[]', activeProfiles = '{}', propertySourceLocations = '{}', propertySourceProperties = '{org.springframework.boot.test.context.SpringBootTestContextBootstrapper=true}', contextCustomizers = set[org.springframework.boot.test.autoconfigure.actuate.metrics.MetricsExportContextCustomizerFactory$DisableMetricExportContextCustomizer@cdb3c85, org.springframework.boot.test.autoconfigure.properties.PropertyMappingContextCustomizer@0, org.springframework.boot.test.autoconfigure.web.servlet.WebDriverContextCustomizerFactory$Customizer@33e4b9c4, org.springframework.boot.test.context.filter.ExcludeFilterContextCustomizer@7739aac4, org.springframework.boot.test.json.DuplicateJsonObjectContextCustomizerFactory$DuplicateJsonObjectContextCustomizer@1b8aaeab, org.springframework.boot.test.mock.mockito.MockitoContextCustomizer@0, org.springframework.boot.test.web.client.TestRestTemplateContextCustomizer@7781263c, org.springframework.boot.test.context.SpringBootTestArgs@1, org.springframework.boot.test.context.SpringBootTestWebEnvironment@3b0ee03a], resourceBasePath = 'src/main/webapp', contextLoader = 'org.springframework.boot.test.context.SpringBootContextLoader', parent = [null]], attributes = map['org.springframework.test.context.web.ServletTestExecutionListener.activateListener' -> true]], class annotated with @DirtiesContext [false] with mode [null].

  .   ____          _            __ _ _
 /\\ / ___'_ __ _ _(_)_ __  __ _ \ \ \ \
( ( )\___ | '_ | '_| | '_ \/ _` | \ \ \ \
 \\/  ___)| |_)| | | | | || (_| |  ) ) ) )
  '  |____| .__|_| |_|_| |_\__, | / / / /
 =========|_|==============|___/=/_/_/_/
 :: Spring Boot ::                (v2.7.8)

2023-03-11 20:46:10.769  INFO 12723 --- [    Test worker] t.performanceTest.TestPerformance        : Starting TestPerformance using Java 1.8.0_362 on macbook-pro-de-quentin.home with PID 12723 (started by quentincaracatzanis in /Users/quentincaracatzanis/Documents/Dev/GitHub/JavaPathENProject8/TourGuide)
2023-03-11 20:46:10.771 DEBUG 12723 --- [    Test worker] t.performanceTest.TestPerformance        : Running with Spring Boot v2.7.8, Spring v5.3.25
2023-03-11 20:46:10.775  INFO 12723 --- [    Test worker] t.performanceTest.TestPerformance        : No active profile set, falling back to 1 default profile: "default"
2023-03-11 20:46:14.040  INFO 12723 --- [    Test worker] o.s.cloud.context.scope.GenericScope     : BeanFactory id=766e2317-291d-3dd8-b227-ca64dee66c95
2023-03-11 20:46:16.215  INFO 12723 --- [    Test worker] org.reflections.Reflections              : Reflections took 188 ms to scan 3 urls, producing 21 keys and 41 values
2023-03-11 20:46:16.992  INFO 12723 --- [    Test worker] tourGuide.service.TourGuideService       : TestMode enabled
2023-03-11 20:46:16.992 DEBUG 12723 --- [    Test worker] tourGuide.service.TourGuideService       : Initializing users
2023-03-11 20:46:17.028  INFO 12723 --- [    Test worker] o.j.m.DefaultMonetaryContextFactory      : Using custom MathContext: precision=256, roundingMode=HALF_EVEN
2023-03-11 20:46:17.060 DEBUG 12723 --- [    Test worker] tourGuide.service.TourGuideService       : Created 100 internal test users.
2023-03-11 20:46:17.060 DEBUG 12723 --- [    Test worker] tourGuide.service.TourGuideService       : Finished initializing users
2023-03-11 20:46:17.071 DEBUG 12723 --- [pool-3-thread-1] tourGuide.tracker.Tracker                : Begin Tracker. Tracking 100 users.
2023-03-11 20:46:20.125  INFO 12723 --- [    Test worker] o.s.b.a.e.web.EndpointLinksResolver      : Exposing 1 endpoint(s) beneath base path '/actuator'
2023-03-11 20:46:20.243  INFO 12723 --- [    Test worker] t.performanceTest.TestPerformance        : Started TestPerformance in 10.633 seconds (JVM running for 14.512)
2023-03-11 20:46:21.158  INFO 12723 --- [    Test worker] tourGuide.service.TourGuideService       : TestMode enabled
2023-03-11 20:46:21.159 DEBUG 12723 --- [    Test worker] tourGuide.service.TourGuideService       : Initializing users
2023-03-11 20:46:21.961 DEBUG 12723 --- [    Test worker] tourGuide.service.TourGuideService       : Created 100000 internal test users.
2023-03-11 20:46:21.961 DEBUG 12723 --- [    Test worker] tourGuide.service.TourGuideService       : Finished initializing users
2023-03-11 20:46:21.981 DEBUG 12723 --- [pool-7-thread-1] tourGuide.tracker.Tracker                : Begin Tracker. Tracking 100000 users.
2023-03-11 20:46:37.463 DEBUG 12723 --- [pool-3-thread-1] tourGuide.tracker.Tracker                : Tracker Time Elapsed: 20 seconds.
2023-03-11 20:46:37.467 DEBUG 12723 --- [pool-3-thread-1] tourGuide.tracker.Tracker                : Tracker sleeping
highVolumeTrackLocation: Time Elapsed: 204 seconds.
2023-03-11 20:49:46.671  INFO 12723 --- [    Test worker] tourGuide.service.TourGuideService       : TestMode enabled
2023-03-11 20:49:46.675 DEBUG 12723 --- [    Test worker] tourGuide.service.TourGuideService       : Initializing users
2023-03-11 20:49:47.081 DEBUG 12723 --- [    Test worker] tourGuide.service.TourGuideService       : Created 100000 internal test users.
2023-03-11 20:49:47.084 DEBUG 12723 --- [    Test worker] tourGuide.service.TourGuideService       : Finished initializing users
2023-03-11 20:49:47.104 DEBUG 12723 --- [ool-10-thread-1] tourGuide.tracker.Tracker                : Begin Tracker. Tracking 100000 users.
2023-03-11 20:51:37.494 DEBUG 12723 --- [pool-3-thread-1] tourGuide.tracker.Tracker                : Begin Tracker. Tracking 100 users.
2023-03-11 20:51:46.352 DEBUG 12723 --- [pool-3-thread-1] tourGuide.tracker.Tracker                : Tracker Time Elapsed: 8 seconds.
2023-03-11 20:51:46.358 DEBUG 12723 --- [pool-3-thread-1] tourGuide.tracker.Tracker                : Tracker sleeping
2023-03-11 20:56:46.369 DEBUG 12723 --- [pool-3-thread-1] tourGuide.tracker.Tracker                : Begin Tracker. Tracking 100 users.
2023-03-11 20:56:54.718 DEBUG 12723 --- [pool-3-thread-1] tourGuide.tracker.Tracker                : Tracker Time Elapsed: 8 seconds.
2023-03-11 20:56:54.719 DEBUG 12723 --- [pool-3-thread-1] tourGuide.tracker.Tracker                : Tracker sleeping
2023-03-11 21:01:54.733 DEBUG 12723 --- [pool-3-thread-1] tourGuide.tracker.Tracker                : Begin Tracker. Tracking 100 users.
2023-03-11 21:02:03.562 DEBUG 12723 --- [pool-3-thread-1] tourGuide.tracker.Tracker                : Tracker Time Elapsed: 8 seconds.
2023-03-11 21:02:03.567 DEBUG 12723 --- [pool-3-thread-1] tourGuide.tracker.Tracker                : Tracker sleeping
highVolumeGetRewards: Time Elapsed: 1014 seconds.
]]></system-out>
  <system-err><![CDATA[]]></system-err>
</testsuite>
