<?xml version="1.0" encoding="UTF-8"?>
<testsuite name="tourGuide.performanceTest.TestPerformance" tests="1" skipped="0" failures="0" errors="0" timestamp="2023-03-11T19:28:16" hostname="macbook-pro-de-quentin.home" time="205.66">
  <properties/>
  <testcase name="highVolumeTrackLocation()" classname="tourGuide.performanceTest.TestPerformance" time="205.66"/>
  <system-out><![CDATA[20:28:04.477 [Test worker] DEBUG org.springframework.test.context.BootstrapUtils - Instantiating CacheAwareContextLoaderDelegate from class [org.springframework.test.context.cache.DefaultCacheAwareContextLoaderDelegate]
20:28:04.509 [Test worker] DEBUG org.springframework.test.context.BootstrapUtils - Instantiating BootstrapContext using constructor [public org.springframework.test.context.support.DefaultBootstrapContext(java.lang.Class,org.springframework.test.context.CacheAwareContextLoaderDelegate)]
20:28:04.642 [Test worker] DEBUG org.springframework.test.context.BootstrapUtils - Instantiating TestContextBootstrapper for test class [tourGuide.performanceTest.TestPerformance] from class [org.springframework.boot.test.context.SpringBootTestContextBootstrapper]
20:28:04.683 [Test worker] INFO org.springframework.boot.test.context.SpringBootTestContextBootstrapper - Neither @ContextConfiguration nor @ContextHierarchy found for test class [tourGuide.performanceTest.TestPerformance], using SpringBootContextLoader
20:28:04.697 [Test worker] DEBUG org.springframework.test.context.support.AbstractContextLoader - Did not detect default resource location for test class [tourGuide.performanceTest.TestPerformance]: class path resource [tourGuide/performanceTest/TestPerformance-context.xml] does not exist
20:28:04.697 [Test worker] DEBUG org.springframework.test.context.support.AbstractContextLoader - Did not detect default resource location for test class [tourGuide.performanceTest.TestPerformance]: class path resource [tourGuide/performanceTest/TestPerformanceContext.groovy] does not exist
20:28:04.697 [Test worker] INFO org.springframework.test.context.support.AbstractContextLoader - Could not detect default resource locations for test class [tourGuide.performanceTest.TestPerformance]: no resource found for suffixes {-context.xml, Context.groovy}.
20:28:04.698 [Test worker] INFO org.springframework.test.context.support.AnnotationConfigContextLoaderUtils - Could not detect default configuration classes for test class [tourGuide.performanceTest.TestPerformance]: TestPerformance does not declare any static, non-private, non-final, nested classes annotated with @Configuration.
20:28:04.796 [Test worker] DEBUG org.springframework.test.context.support.ActiveProfilesUtils - Could not find an 'annotation declaring class' for annotation type [org.springframework.test.context.ActiveProfiles] and class [tourGuide.performanceTest.TestPerformance]
20:28:04.969 [Test worker] DEBUG org.springframework.context.annotation.ClassPathScanningCandidateComponentProvider - Identified candidate component class: file [/Users/quentincaracatzanis/Documents/Dev/GitHub/JavaPathENProject8/TourGuide/build/classes/java/main/tourGuide/Application.class]
20:28:04.984 [Test worker] INFO org.springframework.boot.test.context.SpringBootTestContextBootstrapper - Found @SpringBootConfiguration tourGuide.Application for test class tourGuide.performanceTest.TestPerformance
20:28:05.238 [Test worker] DEBUG org.springframework.boot.test.context.SpringBootTestContextBootstrapper - @TestExecutionListeners is not present for class [tourGuide.performanceTest.TestPerformance]: using defaults.
20:28:05.240 [Test worker] INFO org.springframework.boot.test.context.SpringBootTestContextBootstrapper - Loaded default TestExecutionListener class names from location [META-INF/spring.factories]: [org.springframework.boot.test.autoconfigure.restdocs.RestDocsTestExecutionListener, org.springframework.boot.test.autoconfigure.web.client.MockRestServiceServerResetTestExecutionListener, org.springframework.boot.test.autoconfigure.web.servlet.MockMvcPrintOnlyOnFailureTestExecutionListener, org.springframework.boot.test.autoconfigure.web.servlet.WebDriverTestExecutionListener, org.springframework.boot.test.autoconfigure.webservices.client.MockWebServiceServerTestExecutionListener, org.springframework.boot.test.mock.mockito.MockitoTestExecutionListener, org.springframework.boot.test.mock.mockito.ResetMocksTestExecutionListener, org.springframework.test.context.web.ServletTestExecutionListener, org.springframework.test.context.support.DirtiesContextBeforeModesTestExecutionListener, org.springframework.test.context.event.ApplicationEventsTestExecutionListener, org.springframework.test.context.support.DependencyInjectionTestExecutionListener, org.springframework.test.context.support.DirtiesContextTestExecutionListener, org.springframework.test.context.transaction.TransactionalTestExecutionListener, org.springframework.test.context.jdbc.SqlScriptsTestExecutionListener, org.springframework.test.context.event.EventPublishingTestExecutionListener]
20:28:05.272 [Test worker] DEBUG org.springframework.boot.test.context.SpringBootTestContextBootstrapper - Skipping candidate TestExecutionListener [org.springframework.test.context.transaction.TransactionalTestExecutionListener] due to a missing dependency. Specify custom listener classes or make the default listener classes and their required dependencies available. Offending class: [org/springframework/transaction/TransactionDefinition]
20:28:05.273 [Test worker] DEBUG org.springframework.boot.test.context.SpringBootTestContextBootstrapper - Skipping candidate TestExecutionListener [org.springframework.test.context.jdbc.SqlScriptsTestExecutionListener] due to a missing dependency. Specify custom listener classes or make the default listener classes and their required dependencies available. Offending class: [org/springframework/transaction/interceptor/TransactionAttribute]
20:28:05.274 [Test worker] INFO org.springframework.boot.test.context.SpringBootTestContextBootstrapper - Using TestExecutionListeners: [org.springframework.test.context.web.ServletTestExecutionListener@7582a16b, org.springframework.test.context.support.DirtiesContextBeforeModesTestExecutionListener@4dd752e8, org.springframework.test.context.event.ApplicationEventsTestExecutionListener@62c46e53, org.springframework.boot.test.mock.mockito.MockitoTestExecutionListener@55317c63, org.springframework.boot.test.autoconfigure.SpringBootDependencyInjectionTestExecutionListener@35d81657, org.springframework.test.context.support.DirtiesContextTestExecutionListener@42ef5216, org.springframework.test.context.event.EventPublishingTestExecutionListener@3180aee, org.springframework.boot.test.autoconfigure.restdocs.RestDocsTestExecutionListener@5d94ac8a, org.springframework.boot.test.autoconfigure.web.client.MockRestServiceServerResetTestExecutionListener@288b73c1, org.springframework.boot.test.autoconfigure.web.servlet.MockMvcPrintOnlyOnFailureTestExecutionListener@104cfb24, org.springframework.boot.test.autoconfigure.web.servlet.WebDriverTestExecutionListener@5340ccb9, org.springframework.boot.test.autoconfigure.webservices.client.MockWebServiceServerTestExecutionListener@2bc8caa7, org.springframework.boot.test.mock.mockito.ResetMocksTestExecutionListener@582ea164]
20:28:05.284 [Test worker] DEBUG org.springframework.test.context.support.AbstractDirtiesContextTestExecutionListener - Before test class: context [DefaultTestContext@1e6bd367 testClass = TestPerformance, testInstance = [null], testMethod = [null], testException = [null], mergedContextConfiguration = [WebMergedContextConfiguration@2bd7f686 testClass = TestPerformance, locations = '{}', classes = '{class tourGuide.Application}', contextInitializerClasses = '[]', activeProfiles = '{}', propertySourceLocations = '{}', propertySourceProperties = '{org.springframework.boot.test.context.SpringBootTestContextBootstrapper=true}', contextCustomizers = set[org.springframework.boot.test.autoconfigure.actuate.metrics.MetricsExportContextCustomizerFactory$DisableMetricExportContextCustomizer@5a592c70, org.springframework.boot.test.autoconfigure.properties.PropertyMappingContextCustomizer@0, org.springframework.boot.test.autoconfigure.web.servlet.WebDriverContextCustomizerFactory$Customizer@5d850a25, org.springframework.boot.test.context.filter.ExcludeFilterContextCustomizer@3487442d, org.springframework.boot.test.json.DuplicateJsonObjectContextCustomizerFactory$DuplicateJsonObjectContextCustomizer@5bb8e6fc, org.springframework.boot.test.mock.mockito.MockitoContextCustomizer@0, org.springframework.boot.test.web.client.TestRestTemplateContextCustomizer@a3cba3a, org.springframework.boot.test.context.SpringBootTestArgs@1, org.springframework.boot.test.context.SpringBootTestWebEnvironment@65fd6708], resourceBasePath = 'src/main/webapp', contextLoader = 'org.springframework.boot.test.context.SpringBootContextLoader', parent = [null]], attributes = map['org.springframework.test.context.web.ServletTestExecutionListener.activateListener' -> true]], class annotated with @DirtiesContext [false] with mode [null].

  .   ____          _            __ _ _
 /\\ / ___'_ __ _ _(_)_ __  __ _ \ \ \ \
( ( )\___ | '_ | '_| | '_ \/ _` | \ \ \ \
 \\/  ___)| |_)| | | | | || (_| |  ) ) ) )
  '  |____| .__|_| |_|_| |_\__, | / / / /
 =========|_|==============|___/=/_/_/_/
 :: Spring Boot ::                (v2.7.8)

2023-03-11 20:28:06.606  INFO 12350 --- [    Test worker] t.performanceTest.TestPerformance        : Starting TestPerformance using Java 1.8.0_362 on macbook-pro-de-quentin.home with PID 12350 (started by quentincaracatzanis in /Users/quentincaracatzanis/Documents/Dev/GitHub/JavaPathENProject8/TourGuide)
2023-03-11 20:28:06.610 DEBUG 12350 --- [    Test worker] t.performanceTest.TestPerformance        : Running with Spring Boot v2.7.8, Spring v5.3.25
2023-03-11 20:28:06.613  INFO 12350 --- [    Test worker] t.performanceTest.TestPerformance        : No active profile set, falling back to 1 default profile: "default"
2023-03-11 20:28:09.890  INFO 12350 --- [    Test worker] o.s.cloud.context.scope.GenericScope     : BeanFactory id=766e2317-291d-3dd8-b227-ca64dee66c95
2023-03-11 20:28:12.069  INFO 12350 --- [    Test worker] org.reflections.Reflections              : Reflections took 150 ms to scan 3 urls, producing 21 keys and 41 values
2023-03-11 20:28:12.858  INFO 12350 --- [    Test worker] tourGuide.service.TourGuideService       : TestMode enabled
2023-03-11 20:28:12.859 DEBUG 12350 --- [    Test worker] tourGuide.service.TourGuideService       : Initializing users
2023-03-11 20:28:12.892  INFO 12350 --- [    Test worker] o.j.m.DefaultMonetaryContextFactory      : Using custom MathContext: precision=256, roundingMode=HALF_EVEN
2023-03-11 20:28:12.926 DEBUG 12350 --- [    Test worker] tourGuide.service.TourGuideService       : Created 100 internal test users.
2023-03-11 20:28:12.927 DEBUG 12350 --- [    Test worker] tourGuide.service.TourGuideService       : Finished initializing users
2023-03-11 20:28:12.933 DEBUG 12350 --- [pool-2-thread-1] tourGuide.tracker.Tracker                : Begin Tracker. Tracking 100 users.
2023-03-11 20:28:16.014  INFO 12350 --- [    Test worker] o.s.b.a.e.web.EndpointLinksResolver      : Exposing 1 endpoint(s) beneath base path '/actuator'
2023-03-11 20:28:16.124  INFO 12350 --- [    Test worker] t.performanceTest.TestPerformance        : Started TestPerformance in 10.721 seconds (JVM running for 14.209)
2023-03-11 20:28:17.017  INFO 12350 --- [    Test worker] tourGuide.service.TourGuideService       : TestMode enabled
2023-03-11 20:28:17.018 DEBUG 12350 --- [    Test worker] tourGuide.service.TourGuideService       : Initializing users
2023-03-11 20:28:17.855 DEBUG 12350 --- [    Test worker] tourGuide.service.TourGuideService       : Created 100000 internal test users.
2023-03-11 20:28:17.856 DEBUG 12350 --- [    Test worker] tourGuide.service.TourGuideService       : Finished initializing users
2023-03-11 20:28:17.884 DEBUG 12350 --- [pool-4-thread-1] tourGuide.tracker.Tracker                : Begin Tracker. Tracking 100000 users.
2023-03-11 20:28:33.790 DEBUG 12350 --- [pool-2-thread-1] tourGuide.tracker.Tracker                : Tracker Time Elapsed: 20 seconds.
2023-03-11 20:28:33.808 DEBUG 12350 --- [pool-2-thread-1] tourGuide.tracker.Tracker                : Tracker sleeping
highVolumeTrackLocation: Time Elapsed: 204 seconds.
]]></system-out>
  <system-err><![CDATA[]]></system-err>
</testsuite>
