<?xml version="1.0" encoding="UTF-8"?>
<testsuite name="tourGuide.serviceTest.RewardsServiceTest" tests="3" skipped="0" failures="0" errors="0" timestamp="2023-03-15T17:07:09" hostname="macbook-pro-de-quentin.home" time="12.114">
  <properties/>
  <testcase name="userGetRewardsTest()" classname="tourGuide.serviceTest.RewardsServiceTest" time="0.491"/>
  <testcase name="isWithinAttractionProximityTest()" classname="tourGuide.serviceTest.RewardsServiceTest" time="0.022"/>
  <testcase name="nearAllAttractionsTest()" classname="tourGuide.serviceTest.RewardsServiceTest" time="11.592"/>
  <system-out><![CDATA[2023-03-15 18:07:09.616  INFO 14760 --- [    Test worker] .b.t.c.SpringBootTestContextBootstrapper : Neither @ContextConfiguration nor @ContextHierarchy found for test class [tourGuide.serviceTest.RewardsServiceTest], using SpringBootContextLoader
2023-03-15 18:07:09.623  INFO 14760 --- [    Test worker] o.s.t.c.support.AbstractContextLoader    : Could not detect default resource locations for test class [tourGuide.serviceTest.RewardsServiceTest]: no resource found for suffixes {-context.xml, Context.groovy}.
2023-03-15 18:07:09.624  INFO 14760 --- [    Test worker] t.c.s.AnnotationConfigContextLoaderUtils : Could not detect default configuration classes for test class [tourGuide.serviceTest.RewardsServiceTest]: RewardsServiceTest does not declare any static, non-private, non-final, nested classes annotated with @Configuration.
2023-03-15 18:07:09.658  INFO 14760 --- [    Test worker] .b.t.c.SpringBootTestContextBootstrapper : Found @SpringBootConfiguration tourGuide.Application for test class tourGuide.serviceTest.RewardsServiceTest
2023-03-15 18:07:09.668  INFO 14760 --- [    Test worker] .b.t.c.SpringBootTestContextBootstrapper : Loaded default TestExecutionListener class names from location [META-INF/spring.factories]: [org.springframework.boot.test.autoconfigure.restdocs.RestDocsTestExecutionListener, org.springframework.boot.test.autoconfigure.web.client.MockRestServiceServerResetTestExecutionListener, org.springframework.boot.test.autoconfigure.web.servlet.MockMvcPrintOnlyOnFailureTestExecutionListener, org.springframework.boot.test.autoconfigure.web.servlet.WebDriverTestExecutionListener, org.springframework.boot.test.autoconfigure.webservices.client.MockWebServiceServerTestExecutionListener, org.springframework.boot.test.mock.mockito.MockitoTestExecutionListener, org.springframework.boot.test.mock.mockito.ResetMocksTestExecutionListener, org.springframework.test.context.web.ServletTestExecutionListener, org.springframework.test.context.support.DirtiesContextBeforeModesTestExecutionListener, org.springframework.test.context.event.ApplicationEventsTestExecutionListener, org.springframework.test.context.support.DependencyInjectionTestExecutionListener, org.springframework.test.context.support.DirtiesContextTestExecutionListener, org.springframework.test.context.transaction.TransactionalTestExecutionListener, org.springframework.test.context.jdbc.SqlScriptsTestExecutionListener, org.springframework.test.context.event.EventPublishingTestExecutionListener]
2023-03-15 18:07:09.669  INFO 14760 --- [    Test worker] .b.t.c.SpringBootTestContextBootstrapper : Using TestExecutionListeners: [org.springframework.test.context.web.ServletTestExecutionListener@eaccef, org.springframework.test.context.support.DirtiesContextBeforeModesTestExecutionListener@18019109, org.springframework.test.context.event.ApplicationEventsTestExecutionListener@36823961, org.springframework.boot.test.mock.mockito.MockitoTestExecutionListener@7acb12cb, org.springframework.boot.test.autoconfigure.SpringBootDependencyInjectionTestExecutionListener@2c1034c9, org.springframework.test.context.support.DirtiesContextTestExecutionListener@388d719b, org.springframework.test.context.event.EventPublishingTestExecutionListener@1f631eda, org.springframework.boot.test.autoconfigure.restdocs.RestDocsTestExecutionListener@3d9c0ab7, org.springframework.boot.test.autoconfigure.web.client.MockRestServiceServerResetTestExecutionListener@1007d7b1, org.springframework.boot.test.autoconfigure.web.servlet.MockMvcPrintOnlyOnFailureTestExecutionListener@43d56d83, org.springframework.boot.test.autoconfigure.web.servlet.WebDriverTestExecutionListener@44473eed, org.springframework.boot.test.autoconfigure.webservices.client.MockWebServiceServerTestExecutionListener@19d34d60, org.springframework.boot.test.mock.mockito.ResetMocksTestExecutionListener@37c7abb4]
2023-03-15 18:07:09.718  INFO 14760 --- [    Test worker] tourGuide.service.TourGuideService       : TestMode enabled
2023-03-15 18:07:09.718 DEBUG 14760 --- [    Test worker] tourGuide.service.TourGuideService       : Initializing users
2023-03-15 18:07:09.719 DEBUG 14760 --- [    Test worker] tourGuide.service.TourGuideService       : Created 0 internal test users.
2023-03-15 18:07:09.719 DEBUG 14760 --- [    Test worker] tourGuide.service.TourGuideService       : Finished initializing users
2023-03-15 18:07:09.722 DEBUG 14760 --- [ool-13-thread-1] tourGuide.tracker.Tracker                : Begin Tracker. Tracking 0 users.
2023-03-15 18:07:09.724 DEBUG 14760 --- [ool-13-thread-1] tourGuide.tracker.Tracker                : Tracker Time Elapsed: 0 seconds.
2023-03-15 18:07:09.724 DEBUG 14760 --- [ool-13-thread-1] tourGuide.tracker.Tracker                : Tracker sleeping
2023-03-15 18:07:10.240  INFO 14760 --- [    Test worker] tourGuide.service.TourGuideService       : TestMode enabled
2023-03-15 18:07:10.240 DEBUG 14760 --- [    Test worker] tourGuide.service.TourGuideService       : Initializing users
2023-03-15 18:07:10.242 DEBUG 14760 --- [    Test worker] tourGuide.service.TourGuideService       : Created 1 internal test users.
2023-03-15 18:07:10.242 DEBUG 14760 --- [    Test worker] tourGuide.service.TourGuideService       : Finished initializing users
2023-03-15 18:07:10.245 DEBUG 14760 --- [ool-17-thread-1] tourGuide.tracker.Tracker                : Begin Tracker. Tracking 1 users.
2023-03-15 18:07:10.359 DEBUG 14760 --- [ool-17-thread-1] tourGuide.tracker.Tracker                : Tracker Time Elapsed: 0 seconds.
2023-03-15 18:07:10.360 DEBUG 14760 --- [ool-17-thread-1] tourGuide.tracker.Tracker                : Tracker sleeping
]]></system-out>
  <system-err><![CDATA[]]></system-err>
</testsuite>
