<?xml version="1.0" encoding="UTF-8"?>
<testsuite name="tourGuide.performanceTest.TestPerformance" tests="2" skipped="0" failures="0" errors="0" timestamp="2023-03-15T16:36:27" hostname="macbook-pro-de-quentin.home" time="724.8">
  <properties/>
  <testcase name="highVolumeTrackLocation()" classname="tourGuide.performanceTest.TestPerformance" time="206.141"/>
  <testcase name="highVolumeGetRewards()" classname="tourGuide.performanceTest.TestPerformance" time="518.624"/>
  <system-out><![CDATA[2023-03-15 17:36:27.859  INFO 13336 --- [    Test worker] .b.t.c.SpringBootTestContextBootstrapper : Neither @ContextConfiguration nor @ContextHierarchy found for test class [tourGuide.performanceTest.TestPerformance], using SpringBootContextLoader
2023-03-15 17:36:27.862  INFO 13336 --- [    Test worker] o.s.t.c.support.AbstractContextLoader    : Could not detect default resource locations for test class [tourGuide.performanceTest.TestPerformance]: no resource found for suffixes {-context.xml, Context.groovy}.
2023-03-15 17:36:27.864  INFO 13336 --- [    Test worker] t.c.s.AnnotationConfigContextLoaderUtils : Could not detect default configuration classes for test class [tourGuide.performanceTest.TestPerformance]: TestPerformance does not declare any static, non-private, non-final, nested classes annotated with @Configuration.
2023-03-15 17:36:27.902  INFO 13336 --- [    Test worker] .b.t.c.SpringBootTestContextBootstrapper : Found @SpringBootConfiguration tourGuide.Application for test class tourGuide.performanceTest.TestPerformance
2023-03-15 17:36:27.914  INFO 13336 --- [    Test worker] .b.t.c.SpringBootTestContextBootstrapper : Loaded default TestExecutionListener class names from location [META-INF/spring.factories]: [org.springframework.boot.test.autoconfigure.restdocs.RestDocsTestExecutionListener, org.springframework.boot.test.autoconfigure.web.client.MockRestServiceServerResetTestExecutionListener, org.springframework.boot.test.autoconfigure.web.servlet.MockMvcPrintOnlyOnFailureTestExecutionListener, org.springframework.boot.test.autoconfigure.web.servlet.WebDriverTestExecutionListener, org.springframework.boot.test.autoconfigure.webservices.client.MockWebServiceServerTestExecutionListener, org.springframework.boot.test.mock.mockito.MockitoTestExecutionListener, org.springframework.boot.test.mock.mockito.ResetMocksTestExecutionListener, org.springframework.test.context.web.ServletTestExecutionListener, org.springframework.test.context.support.DirtiesContextBeforeModesTestExecutionListener, org.springframework.test.context.event.ApplicationEventsTestExecutionListener, org.springframework.test.context.support.DependencyInjectionTestExecutionListener, org.springframework.test.context.support.DirtiesContextTestExecutionListener, org.springframework.test.context.transaction.TransactionalTestExecutionListener, org.springframework.test.context.jdbc.SqlScriptsTestExecutionListener, org.springframework.test.context.event.EventPublishingTestExecutionListener]
2023-03-15 17:36:27.916  INFO 13336 --- [    Test worker] .b.t.c.SpringBootTestContextBootstrapper : Using TestExecutionListeners: [org.springframework.test.context.web.ServletTestExecutionListener@699d98ea, org.springframework.test.context.support.DirtiesContextBeforeModesTestExecutionListener@3b58232b, org.springframework.test.context.event.ApplicationEventsTestExecutionListener@36e57784, org.springframework.boot.test.mock.mockito.MockitoTestExecutionListener@177ae30a, org.springframework.boot.test.autoconfigure.SpringBootDependencyInjectionTestExecutionListener@12a573c7, org.springframework.test.context.support.DirtiesContextTestExecutionListener@681e5bc3, org.springframework.test.context.event.EventPublishingTestExecutionListener@755a5813, org.springframework.boot.test.autoconfigure.restdocs.RestDocsTestExecutionListener@35f88701, org.springframework.boot.test.autoconfigure.web.client.MockRestServiceServerResetTestExecutionListener@c7ae132, org.springframework.boot.test.autoconfigure.web.servlet.MockMvcPrintOnlyOnFailureTestExecutionListener@1620633d, org.springframework.boot.test.autoconfigure.web.servlet.WebDriverTestExecutionListener@311d2b2a, org.springframework.boot.test.autoconfigure.webservices.client.MockWebServiceServerTestExecutionListener@40ac6287, org.springframework.boot.test.mock.mockito.ResetMocksTestExecutionListener@1b0468d1]
2023-03-15 17:36:27.938  INFO 13336 --- [    Test worker] tourGuide.service.TourGuideService       : TestMode enabled
2023-03-15 17:36:27.938 DEBUG 13336 --- [    Test worker] tourGuide.service.TourGuideService       : Initializing users
2023-03-15 17:36:28.774 DEBUG 13336 --- [    Test worker] tourGuide.service.TourGuideService       : Created 100000 internal test users.
2023-03-15 17:36:28.777 DEBUG 13336 --- [    Test worker] tourGuide.service.TourGuideService       : Finished initializing users
2023-03-15 17:36:28.793 DEBUG 13336 --- [pool-7-thread-1] tourGuide.tracker.Tracker                : Begin Tracker. Tracking 100000 users.
2023-03-15 17:36:39.757 DEBUG 13336 --- [pool-3-thread-1] tourGuide.tracker.Tracker                : Tracker Time Elapsed: 16 seconds.
2023-03-15 17:36:39.762 DEBUG 13336 --- [pool-3-thread-1] tourGuide.tracker.Tracker                : Tracker sleeping
highVolumeTrackLocation: Time Elapsed: 205 seconds.
2023-03-15 17:39:54.120  INFO 13336 --- [    Test worker] tourGuide.service.TourGuideService       : TestMode enabled
2023-03-15 17:39:54.124 DEBUG 13336 --- [    Test worker] tourGuide.service.TourGuideService       : Initializing users
2023-03-15 17:39:54.572 DEBUG 13336 --- [    Test worker] tourGuide.service.TourGuideService       : Created 100000 internal test users.
2023-03-15 17:39:54.574 DEBUG 13336 --- [    Test worker] tourGuide.service.TourGuideService       : Finished initializing users
2023-03-15 17:39:54.586 DEBUG 13336 --- [ool-10-thread-1] tourGuide.tracker.Tracker                : Begin Tracker. Tracking 100000 users.
2023-03-15 17:41:39.768 DEBUG 13336 --- [pool-3-thread-1] tourGuide.tracker.Tracker                : Begin Tracker. Tracking 100 users.
2023-03-15 17:41:46.996 DEBUG 13336 --- [pool-3-thread-1] tourGuide.tracker.Tracker                : Tracker Time Elapsed: 7 seconds.
2023-03-15 17:41:47.000 DEBUG 13336 --- [pool-3-thread-1] tourGuide.tracker.Tracker                : Tracker sleeping
2023-03-15 17:46:47.034 DEBUG 13336 --- [pool-3-thread-1] tourGuide.tracker.Tracker                : Begin Tracker. Tracking 100 users.
2023-03-15 17:46:54.311 DEBUG 13336 --- [pool-3-thread-1] tourGuide.tracker.Tracker                : Tracker Time Elapsed: 7 seconds.
2023-03-15 17:46:54.312 DEBUG 13336 --- [pool-3-thread-1] tourGuide.tracker.Tracker                : Tracker sleeping
highVolumeGetRewards: Time Elapsed: 518 seconds.
]]></system-out>
  <system-err><![CDATA[]]></system-err>
</testsuite>
