<?xml version="1.0" encoding="UTF-8"?>
<testsuite name="tourGuide.serviceTest.TourGuideServiceTest" tests="6" skipped="0" failures="0" errors="0" timestamp="2023-03-15T16:48:44" hostname="macbook-pro-de-quentin.home" time="0.554">
  <properties/>
  <testcase name="addUserTest()" classname="tourGuide.serviceTest.TourGuideServiceTest" time="0.022"/>
  <testcase name="getAllUsersTest()" classname="tourGuide.serviceTest.TourGuideServiceTest" time="0.008"/>
  <testcase name="getNearbyAttractionsTest()" classname="tourGuide.serviceTest.TourGuideServiceTest" time="0.115"/>
  <testcase name="trackUserTest()" classname="tourGuide.serviceTest.TourGuideServiceTest" time="0.107"/>
  <testcase name="getTripDealsTest()" classname="tourGuide.serviceTest.TourGuideServiceTest" time="0.218"/>
  <testcase name="getUserLocationTest()" classname="tourGuide.serviceTest.TourGuideServiceTest" time="0.061"/>
  <system-out><![CDATA[2023-03-15 17:48:44.910  INFO 13336 --- [    Test worker] .b.t.c.SpringBootTestContextBootstrapper : Neither @ContextConfiguration nor @ContextHierarchy found for test class [tourGuide.serviceTest.TourGuideServiceTest], using SpringBootContextLoader
2023-03-15 17:48:44.916  INFO 13336 --- [    Test worker] o.s.t.c.support.AbstractContextLoader    : Could not detect default resource locations for test class [tourGuide.serviceTest.TourGuideServiceTest]: no resource found for suffixes {-context.xml, Context.groovy}.
2023-03-15 17:48:44.917  INFO 13336 --- [    Test worker] t.c.s.AnnotationConfigContextLoaderUtils : Could not detect default configuration classes for test class [tourGuide.serviceTest.TourGuideServiceTest]: TourGuideServiceTest does not declare any static, non-private, non-final, nested classes annotated with @Configuration.
2023-03-15 17:48:44.920  INFO 13336 --- [    Test worker] .b.t.c.SpringBootTestContextBootstrapper : Found @SpringBootConfiguration tourGuide.Application for test class tourGuide.serviceTest.TourGuideServiceTest
2023-03-15 17:48:44.923  INFO 13336 --- [    Test worker] .b.t.c.SpringBootTestContextBootstrapper : Loaded default TestExecutionListener class names from location [META-INF/spring.factories]: [org.springframework.boot.test.autoconfigure.restdocs.RestDocsTestExecutionListener, org.springframework.boot.test.autoconfigure.web.client.MockRestServiceServerResetTestExecutionListener, org.springframework.boot.test.autoconfigure.web.servlet.MockMvcPrintOnlyOnFailureTestExecutionListener, org.springframework.boot.test.autoconfigure.web.servlet.WebDriverTestExecutionListener, org.springframework.boot.test.autoconfigure.webservices.client.MockWebServiceServerTestExecutionListener, org.springframework.boot.test.mock.mockito.MockitoTestExecutionListener, org.springframework.boot.test.mock.mockito.ResetMocksTestExecutionListener, org.springframework.test.context.web.ServletTestExecutionListener, org.springframework.test.context.support.DirtiesContextBeforeModesTestExecutionListener, org.springframework.test.context.event.ApplicationEventsTestExecutionListener, org.springframework.test.context.support.DependencyInjectionTestExecutionListener, org.springframework.test.context.support.DirtiesContextTestExecutionListener, org.springframework.test.context.transaction.TransactionalTestExecutionListener, org.springframework.test.context.jdbc.SqlScriptsTestExecutionListener, org.springframework.test.context.event.EventPublishingTestExecutionListener]
2023-03-15 17:48:44.924  INFO 13336 --- [    Test worker] .b.t.c.SpringBootTestContextBootstrapper : Using TestExecutionListeners: [org.springframework.test.context.web.ServletTestExecutionListener@fb69974, org.springframework.test.context.support.DirtiesContextBeforeModesTestExecutionListener@1c21d3de, org.springframework.test.context.event.ApplicationEventsTestExecutionListener@3adcdbc0, org.springframework.boot.test.mock.mockito.MockitoTestExecutionListener@6c5523c4, org.springframework.boot.test.autoconfigure.SpringBootDependencyInjectionTestExecutionListener@57936a03, org.springframework.test.context.support.DirtiesContextTestExecutionListener@45beec0c, org.springframework.test.context.event.EventPublishingTestExecutionListener@19603da0, org.springframework.boot.test.autoconfigure.restdocs.RestDocsTestExecutionListener@5cee664b, org.springframework.boot.test.autoconfigure.web.client.MockRestServiceServerResetTestExecutionListener@1061dca7, org.springframework.boot.test.autoconfigure.web.servlet.MockMvcPrintOnlyOnFailureTestExecutionListener@220d8c2b, org.springframework.boot.test.autoconfigure.web.servlet.WebDriverTestExecutionListener@3a1828f7, org.springframework.boot.test.autoconfigure.webservices.client.MockWebServiceServerTestExecutionListener@15ebcdc1, org.springframework.boot.test.mock.mockito.ResetMocksTestExecutionListener@b71af3f]
2023-03-15 17:48:44.944  INFO 13336 --- [    Test worker] tourGuide.service.TourGuideService       : TestMode enabled
2023-03-15 17:48:44.944 DEBUG 13336 --- [    Test worker] tourGuide.service.TourGuideService       : Initializing users
2023-03-15 17:48:44.945 DEBUG 13336 --- [    Test worker] tourGuide.service.TourGuideService       : Created 0 internal test users.
2023-03-15 17:48:44.945 DEBUG 13336 --- [    Test worker] tourGuide.service.TourGuideService       : Finished initializing users
2023-03-15 17:48:44.946 DEBUG 13336 --- [ool-20-thread-1] tourGuide.tracker.Tracker                : Begin Tracker. Tracking 0 users.
2023-03-15 17:48:44.946 DEBUG 13336 --- [ool-20-thread-1] tourGuide.tracker.Tracker                : Tracker Time Elapsed: 0 seconds.
2023-03-15 17:48:44.947 DEBUG 13336 --- [ool-20-thread-1] tourGuide.tracker.Tracker                : Tracker sleeping
2023-03-15 17:48:44.969  INFO 13336 --- [    Test worker] tourGuide.service.TourGuideService       : TestMode enabled
2023-03-15 17:48:44.970 DEBUG 13336 --- [    Test worker] tourGuide.service.TourGuideService       : Initializing users
2023-03-15 17:48:44.970 DEBUG 13336 --- [    Test worker] tourGuide.service.TourGuideService       : Created 0 internal test users.
2023-03-15 17:48:44.970 DEBUG 13336 --- [    Test worker] tourGuide.service.TourGuideService       : Finished initializing users
2023-03-15 17:48:44.971 DEBUG 13336 --- [ool-23-thread-1] tourGuide.tracker.Tracker                : Begin Tracker. Tracking 0 users.
2023-03-15 17:48:44.971 DEBUG 13336 --- [ool-23-thread-1] tourGuide.tracker.Tracker                : Tracker Time Elapsed: 0 seconds.
2023-03-15 17:48:44.971 DEBUG 13336 --- [ool-23-thread-1] tourGuide.tracker.Tracker                : Tracker sleeping
2023-03-15 17:48:44.980  INFO 13336 --- [    Test worker] tourGuide.service.TourGuideService       : TestMode enabled
2023-03-15 17:48:44.984 DEBUG 13336 --- [    Test worker] tourGuide.service.TourGuideService       : Initializing users
2023-03-15 17:48:44.985 DEBUG 13336 --- [    Test worker] tourGuide.service.TourGuideService       : Created 0 internal test users.
2023-03-15 17:48:44.985 DEBUG 13336 --- [    Test worker] tourGuide.service.TourGuideService       : Finished initializing users
2023-03-15 17:48:44.985 DEBUG 13336 --- [ool-26-thread-1] tourGuide.tracker.Tracker                : Begin Tracker. Tracking 0 users.
2023-03-15 17:48:44.989 DEBUG 13336 --- [ool-26-thread-1] tourGuide.tracker.Tracker                : Tracker Time Elapsed: 0 seconds.
2023-03-15 17:48:44.989 DEBUG 13336 --- [ool-26-thread-1] tourGuide.tracker.Tracker                : Tracker sleeping
2023-03-15 17:48:45.099  INFO 13336 --- [    Test worker] tourGuide.service.TourGuideService       : TestMode enabled
2023-03-15 17:48:45.099 DEBUG 13336 --- [    Test worker] tourGuide.service.TourGuideService       : Initializing users
2023-03-15 17:48:45.099 DEBUG 13336 --- [    Test worker] tourGuide.service.TourGuideService       : Created 0 internal test users.
2023-03-15 17:48:45.099 DEBUG 13336 --- [    Test worker] tourGuide.service.TourGuideService       : Finished initializing users
2023-03-15 17:48:45.101 DEBUG 13336 --- [ool-29-thread-1] tourGuide.tracker.Tracker                : Begin Tracker. Tracking 0 users.
2023-03-15 17:48:45.101 DEBUG 13336 --- [ool-29-thread-1] tourGuide.tracker.Tracker                : Tracker Time Elapsed: 0 seconds.
2023-03-15 17:48:45.101 DEBUG 13336 --- [ool-29-thread-1] tourGuide.tracker.Tracker                : Tracker sleeping
2023-03-15 17:48:45.209  INFO 13336 --- [    Test worker] tourGuide.service.TourGuideService       : TestMode enabled
2023-03-15 17:48:45.209 DEBUG 13336 --- [    Test worker] tourGuide.service.TourGuideService       : Initializing users
2023-03-15 17:48:45.209 DEBUG 13336 --- [    Test worker] tourGuide.service.TourGuideService       : Created 0 internal test users.
2023-03-15 17:48:45.210 DEBUG 13336 --- [    Test worker] tourGuide.service.TourGuideService       : Finished initializing users
2023-03-15 17:48:45.210 DEBUG 13336 --- [ool-32-thread-1] tourGuide.tracker.Tracker                : Begin Tracker. Tracking 0 users.
2023-03-15 17:48:45.211 DEBUG 13336 --- [ool-32-thread-1] tourGuide.tracker.Tracker                : Tracker Time Elapsed: 0 seconds.
2023-03-15 17:48:45.218 DEBUG 13336 --- [ool-32-thread-1] tourGuide.tracker.Tracker                : Tracker sleeping
2023-03-15 17:48:45.438  INFO 13336 --- [    Test worker] tourGuide.service.TourGuideService       : TestMode enabled
2023-03-15 17:48:45.439 DEBUG 13336 --- [    Test worker] tourGuide.service.TourGuideService       : Initializing users
2023-03-15 17:48:45.439 DEBUG 13336 --- [    Test worker] tourGuide.service.TourGuideService       : Created 0 internal test users.
2023-03-15 17:48:45.439 DEBUG 13336 --- [    Test worker] tourGuide.service.TourGuideService       : Finished initializing users
2023-03-15 17:48:45.440 DEBUG 13336 --- [ool-35-thread-1] tourGuide.tracker.Tracker                : Begin Tracker. Tracking 0 users.
2023-03-15 17:48:45.440 DEBUG 13336 --- [ool-35-thread-1] tourGuide.tracker.Tracker                : Tracker Time Elapsed: 0 seconds.
2023-03-15 17:48:45.440 DEBUG 13336 --- [ool-35-thread-1] tourGuide.tracker.Tracker                : Tracker sleeping
]]></system-out>
  <system-err><![CDATA[]]></system-err>
</testsuite>
