<?xml version="1.0" encoding="UTF-8"?>
<testsuite name="tourGuide.TestTourGuideService" tests="6" skipped="0" failures="1" errors="0" timestamp="2023-03-09T13:01:20" hostname="macbook-pro-de-quentin.home" time="1.146">
  <properties/>
  <testcase name="addUserTest()" classname="tourGuide.TestTourGuideService" time="0.609"/>
  <testcase name="getAllUsersTest()" classname="tourGuide.TestTourGuideService" time="0.022"/>
  <testcase name="getNearbyAttractionsTest()" classname="tourGuide.TestTourGuideService" time="0.18">
    <failure message="org.opentest4j.AssertionFailedError: expected: &lt;5&gt; but was: &lt;0&gt;" type="org.opentest4j.AssertionFailedError">org.opentest4j.AssertionFailedError: expected: &lt;5&gt; but was: &lt;0&gt;
	at org.junit.jupiter.api.AssertionUtils.fail(AssertionUtils.java:55)
	at org.junit.jupiter.api.AssertionUtils.failNotEqual(AssertionUtils.java:62)
	at org.junit.jupiter.api.AssertEquals.assertEquals(AssertEquals.java:150)
	at org.junit.jupiter.api.AssertEquals.assertEquals(AssertEquals.java:145)
	at org.junit.jupiter.api.Assertions.assertEquals(Assertions.java:527)
	at tourGuide.TestTourGuideService.getNearbyAttractionsTest(TestTourGuideService.java:124)
	at sun.reflect.NativeMethodAccessorImpl.invoke0(Native Method)
	at sun.reflect.NativeMethodAccessorImpl.invoke(NativeMethodAccessorImpl.java:62)
	at sun.reflect.DelegatingMethodAccessorImpl.invoke(DelegatingMethodAccessorImpl.java:43)
	at java.lang.reflect.Method.invoke(Method.java:498)
	at org.junit.platform.commons.util.ReflectionUtils.invokeMethod(ReflectionUtils.java:725)
	at org.junit.jupiter.engine.execution.MethodInvocation.proceed(MethodInvocation.java:60)
	at org.junit.jupiter.engine.execution.InvocationInterceptorChain$ValidatingInvocation.proceed(InvocationInterceptorChain.java:131)
	at org.junit.jupiter.engine.extension.TimeoutExtension.intercept(TimeoutExtension.java:149)
	at org.junit.jupiter.engine.extension.TimeoutExtension.interceptTestableMethod(TimeoutExtension.java:140)
	at org.junit.jupiter.engine.extension.TimeoutExtension.interceptTestMethod(TimeoutExtension.java:84)
	at org.junit.jupiter.engine.execution.ExecutableInvoker$ReflectiveInterceptorCall.lambda$ofVoidMethod$0(ExecutableInvoker.java:115)
	at org.junit.jupiter.engine.execution.ExecutableInvoker.lambda$invoke$0(ExecutableInvoker.java:105)
	at org.junit.jupiter.engine.execution.InvocationInterceptorChain$InterceptedInvocation.proceed(InvocationInterceptorChain.java:106)
	at org.junit.jupiter.engine.execution.InvocationInterceptorChain.proceed(InvocationInterceptorChain.java:64)
	at org.junit.jupiter.engine.execution.InvocationInterceptorChain.chainAndInvoke(InvocationInterceptorChain.java:45)
	at org.junit.jupiter.engine.execution.InvocationInterceptorChain.invoke(InvocationInterceptorChain.java:37)
	at org.junit.jupiter.engine.execution.ExecutableInvoker.invoke(ExecutableInvoker.java:104)
	at org.junit.jupiter.engine.execution.ExecutableInvoker.invoke(ExecutableInvoker.java:98)
	at org.junit.jupiter.engine.descriptor.TestMethodTestDescriptor.lambda$invokeTestMethod$7(TestMethodTestDescriptor.java:214)
	at org.junit.platform.engine.support.hierarchical.ThrowableCollector.execute(ThrowableCollector.java:73)
	at org.junit.jupiter.engine.descriptor.TestMethodTestDescriptor.invokeTestMethod(TestMethodTestDescriptor.java:210)
	at org.junit.jupiter.engine.descriptor.TestMethodTestDescriptor.execute(TestMethodTestDescriptor.java:135)
	at org.junit.jupiter.engine.descriptor.TestMethodTestDescriptor.execute(TestMethodTestDescriptor.java:66)
	at org.junit.platform.engine.support.hierarchical.NodeTestTask.lambda$executeRecursively$6(NodeTestTask.java:151)
	at org.junit.platform.engine.support.hierarchical.ThrowableCollector.execute(ThrowableCollector.java:73)
	at org.junit.platform.engine.support.hierarchical.NodeTestTask.lambda$executeRecursively$8(NodeTestTask.java:141)
	at org.junit.platform.engine.support.hierarchical.Node.around(Node.java:137)
	at org.junit.platform.engine.support.hierarchical.NodeTestTask.lambda$executeRecursively$9(NodeTestTask.java:139)
	at org.junit.platform.engine.support.hierarchical.ThrowableCollector.execute(ThrowableCollector.java:73)
	at org.junit.platform.engine.support.hierarchical.NodeTestTask.executeRecursively(NodeTestTask.java:138)
	at org.junit.platform.engine.support.hierarchical.NodeTestTask.execute(NodeTestTask.java:95)
	at java.util.ArrayList.forEach(ArrayList.java:1259)
	at org.junit.platform.engine.support.hierarchical.SameThreadHierarchicalTestExecutorService.invokeAll(SameThreadHierarchicalTestExecutorService.java:41)
	at org.junit.platform.engine.support.hierarchical.NodeTestTask.lambda$executeRecursively$6(NodeTestTask.java:155)
	at org.junit.platform.engine.support.hierarchical.ThrowableCollector.execute(ThrowableCollector.java:73)
	at org.junit.platform.engine.support.hierarchical.NodeTestTask.lambda$executeRecursively$8(NodeTestTask.java:141)
	at org.junit.platform.engine.support.hierarchical.Node.around(Node.java:137)
	at org.junit.platform.engine.support.hierarchical.NodeTestTask.lambda$executeRecursively$9(NodeTestTask.java:139)
	at org.junit.platform.engine.support.hierarchical.ThrowableCollector.execute(ThrowableCollector.java:73)
	at org.junit.platform.engine.support.hierarchical.NodeTestTask.executeRecursively(NodeTestTask.java:138)
	at org.junit.platform.engine.support.hierarchical.NodeTestTask.execute(NodeTestTask.java:95)
	at java.util.ArrayList.forEach(ArrayList.java:1259)
	at org.junit.platform.engine.support.hierarchical.SameThreadHierarchicalTestExecutorService.invokeAll(SameThreadHierarchicalTestExecutorService.java:41)
	at org.junit.platform.engine.support.hierarchical.NodeTestTask.lambda$executeRecursively$6(NodeTestTask.java:155)
	at org.junit.platform.engine.support.hierarchical.ThrowableCollector.execute(ThrowableCollector.java:73)
	at org.junit.platform.engine.support.hierarchical.NodeTestTask.lambda$executeRecursively$8(NodeTestTask.java:141)
	at org.junit.platform.engine.support.hierarchical.Node.around(Node.java:137)
	at org.junit.platform.engine.support.hierarchical.NodeTestTask.lambda$executeRecursively$9(NodeTestTask.java:139)
	at org.junit.platform.engine.support.hierarchical.ThrowableCollector.execute(ThrowableCollector.java:73)
	at org.junit.platform.engine.support.hierarchical.NodeTestTask.executeRecursively(NodeTestTask.java:138)
	at org.junit.platform.engine.support.hierarchical.NodeTestTask.execute(NodeTestTask.java:95)
	at org.junit.platform.engine.support.hierarchical.SameThreadHierarchicalTestExecutorService.submit(SameThreadHierarchicalTestExecutorService.java:35)
	at org.junit.platform.engine.support.hierarchical.HierarchicalTestExecutor.execute(HierarchicalTestExecutor.java:57)
	at org.junit.platform.engine.support.hierarchical.HierarchicalTestEngine.execute(HierarchicalTestEngine.java:54)
	at org.junit.platform.launcher.core.EngineExecutionOrchestrator.execute(EngineExecutionOrchestrator.java:107)
	at org.junit.platform.launcher.core.EngineExecutionOrchestrator.execute(EngineExecutionOrchestrator.java:88)
	at org.junit.platform.launcher.core.EngineExecutionOrchestrator.lambda$execute$0(EngineExecutionOrchestrator.java:54)
	at org.junit.platform.launcher.core.EngineExecutionOrchestrator.withInterceptedStreams(EngineExecutionOrchestrator.java:67)
	at org.junit.platform.launcher.core.EngineExecutionOrchestrator.execute(EngineExecutionOrchestrator.java:52)
	at org.junit.platform.launcher.core.DefaultLauncher.execute(DefaultLauncher.java:114)
	at org.junit.platform.launcher.core.DefaultLauncher.execute(DefaultLauncher.java:86)
	at org.junit.platform.launcher.core.DefaultLauncherSession$DelegatingLauncher.execute(DefaultLauncherSession.java:86)
	at org.junit.platform.launcher.core.SessionPerRequestLauncher.execute(SessionPerRequestLauncher.java:53)
	at org.gradle.api.internal.tasks.testing.junitplatform.JUnitPlatformTestClassProcessor$CollectAllTestClassesExecutor.processAllTestClasses(JUnitPlatformTestClassProcessor.java:99)
	at org.gradle.api.internal.tasks.testing.junitplatform.JUnitPlatformTestClassProcessor$CollectAllTestClassesExecutor.access$000(JUnitPlatformTestClassProcessor.java:79)
	at org.gradle.api.internal.tasks.testing.junitplatform.JUnitPlatformTestClassProcessor.stop(JUnitPlatformTestClassProcessor.java:75)
	at org.gradle.api.internal.tasks.testing.SuiteTestClassProcessor.stop(SuiteTestClassProcessor.java:62)
	at sun.reflect.NativeMethodAccessorImpl.invoke0(Native Method)
	at sun.reflect.NativeMethodAccessorImpl.invoke(NativeMethodAccessorImpl.java:62)
	at sun.reflect.DelegatingMethodAccessorImpl.invoke(DelegatingMethodAccessorImpl.java:43)
	at java.lang.reflect.Method.invoke(Method.java:498)
	at org.gradle.internal.dispatch.ReflectionDispatch.dispatch(ReflectionDispatch.java:36)
	at org.gradle.internal.dispatch.ReflectionDispatch.dispatch(ReflectionDispatch.java:24)
	at org.gradle.internal.dispatch.ContextClassLoaderDispatch.dispatch(ContextClassLoaderDispatch.java:33)
	at org.gradle.internal.dispatch.ProxyDispatchAdapter$DispatchingInvocationHandler.invoke(ProxyDispatchAdapter.java:94)
	at com.sun.proxy.$Proxy2.stop(Unknown Source)
	at org.gradle.api.internal.tasks.testing.worker.TestWorker$3.run(TestWorker.java:193)
	at org.gradle.api.internal.tasks.testing.worker.TestWorker.executeAndMaintainThreadName(TestWorker.java:129)
	at org.gradle.api.internal.tasks.testing.worker.TestWorker.execute(TestWorker.java:100)
	at org.gradle.api.internal.tasks.testing.worker.TestWorker.execute(TestWorker.java:60)
	at org.gradle.process.internal.worker.child.ActionExecutionWorker.execute(ActionExecutionWorker.java:56)
	at org.gradle.process.internal.worker.child.SystemApplicationClassLoaderWorker.call(SystemApplicationClassLoaderWorker.java:113)
	at org.gradle.process.internal.worker.child.SystemApplicationClassLoaderWorker.call(SystemApplicationClassLoaderWorker.java:65)
	at worker.org.gradle.process.internal.worker.GradleWorkerMain.run(GradleWorkerMain.java:69)
	at worker.org.gradle.process.internal.worker.GradleWorkerMain.main(GradleWorkerMain.java:74)
</failure>
  </testcase>
  <testcase name="trackUserTest()" classname="tourGuide.TestTourGuideService" time="0.123"/>
  <testcase name="getTripDealsTest()" classname="tourGuide.TestTourGuideService" time="0.067"/>
  <testcase name="getUserLocationTest()" classname="tourGuide.TestTourGuideService" time="0.105"/>
  <system-out><![CDATA[14:01:08.518 [Test worker] DEBUG org.springframework.test.context.BootstrapUtils - Instantiating CacheAwareContextLoaderDelegate from class [org.springframework.test.context.cache.DefaultCacheAwareContextLoaderDelegate]
14:01:08.553 [Test worker] DEBUG org.springframework.test.context.BootstrapUtils - Instantiating BootstrapContext using constructor [public org.springframework.test.context.support.DefaultBootstrapContext(java.lang.Class,org.springframework.test.context.CacheAwareContextLoaderDelegate)]
14:01:08.680 [Test worker] DEBUG org.springframework.test.context.BootstrapUtils - Instantiating TestContextBootstrapper for test class [tourGuide.TestTourGuideService] from class [org.springframework.boot.test.context.SpringBootTestContextBootstrapper]
14:01:08.704 [Test worker] INFO org.springframework.boot.test.context.SpringBootTestContextBootstrapper - Neither @ContextConfiguration nor @ContextHierarchy found for test class [tourGuide.TestTourGuideService], using SpringBootContextLoader
14:01:08.721 [Test worker] DEBUG org.springframework.test.context.support.AbstractContextLoader - Did not detect default resource location for test class [tourGuide.TestTourGuideService]: class path resource [tourGuide/TestTourGuideService-context.xml] does not exist
14:01:08.722 [Test worker] DEBUG org.springframework.test.context.support.AbstractContextLoader - Did not detect default resource location for test class [tourGuide.TestTourGuideService]: class path resource [tourGuide/TestTourGuideServiceContext.groovy] does not exist
14:01:08.722 [Test worker] INFO org.springframework.test.context.support.AbstractContextLoader - Could not detect default resource locations for test class [tourGuide.TestTourGuideService]: no resource found for suffixes {-context.xml, Context.groovy}.
14:01:08.725 [Test worker] INFO org.springframework.test.context.support.AnnotationConfigContextLoaderUtils - Could not detect default configuration classes for test class [tourGuide.TestTourGuideService]: TestTourGuideService does not declare any static, non-private, non-final, nested classes annotated with @Configuration.
14:01:08.835 [Test worker] DEBUG org.springframework.test.context.support.ActiveProfilesUtils - Could not find an 'annotation declaring class' for annotation type [org.springframework.test.context.ActiveProfiles] and class [tourGuide.TestTourGuideService]
14:01:09.011 [Test worker] DEBUG org.springframework.context.annotation.ClassPathScanningCandidateComponentProvider - Identified candidate component class: file [/Users/quentincaracatzanis/Documents/Dev/GitHub/JavaPathENProject8/TourGuide/build/classes/java/main/tourGuide/Application.class]
14:01:09.030 [Test worker] INFO org.springframework.boot.test.context.SpringBootTestContextBootstrapper - Found @SpringBootConfiguration tourGuide.Application for test class tourGuide.TestTourGuideService
14:01:09.262 [Test worker] DEBUG org.springframework.boot.test.context.SpringBootTestContextBootstrapper - @TestExecutionListeners is not present for class [tourGuide.TestTourGuideService]: using defaults.
14:01:09.264 [Test worker] INFO org.springframework.boot.test.context.SpringBootTestContextBootstrapper - Loaded default TestExecutionListener class names from location [META-INF/spring.factories]: [org.springframework.boot.test.autoconfigure.restdocs.RestDocsTestExecutionListener, org.springframework.boot.test.autoconfigure.web.client.MockRestServiceServerResetTestExecutionListener, org.springframework.boot.test.autoconfigure.web.servlet.MockMvcPrintOnlyOnFailureTestExecutionListener, org.springframework.boot.test.autoconfigure.web.servlet.WebDriverTestExecutionListener, org.springframework.boot.test.autoconfigure.webservices.client.MockWebServiceServerTestExecutionListener, org.springframework.boot.test.mock.mockito.MockitoTestExecutionListener, org.springframework.boot.test.mock.mockito.ResetMocksTestExecutionListener, org.springframework.test.context.web.ServletTestExecutionListener, org.springframework.test.context.support.DirtiesContextBeforeModesTestExecutionListener, org.springframework.test.context.event.ApplicationEventsTestExecutionListener, org.springframework.test.context.support.DependencyInjectionTestExecutionListener, org.springframework.test.context.support.DirtiesContextTestExecutionListener, org.springframework.test.context.transaction.TransactionalTestExecutionListener, org.springframework.test.context.jdbc.SqlScriptsTestExecutionListener, org.springframework.test.context.event.EventPublishingTestExecutionListener]
14:01:09.286 [Test worker] DEBUG org.springframework.boot.test.context.SpringBootTestContextBootstrapper - Skipping candidate TestExecutionListener [org.springframework.test.context.transaction.TransactionalTestExecutionListener] due to a missing dependency. Specify custom listener classes or make the default listener classes and their required dependencies available. Offending class: [org/springframework/transaction/TransactionDefinition]
14:01:09.288 [Test worker] DEBUG org.springframework.boot.test.context.SpringBootTestContextBootstrapper - Skipping candidate TestExecutionListener [org.springframework.test.context.jdbc.SqlScriptsTestExecutionListener] due to a missing dependency. Specify custom listener classes or make the default listener classes and their required dependencies available. Offending class: [org/springframework/transaction/interceptor/TransactionAttribute]
14:01:09.288 [Test worker] INFO org.springframework.boot.test.context.SpringBootTestContextBootstrapper - Using TestExecutionListeners: [org.springframework.test.context.web.ServletTestExecutionListener@1a7a21d0, org.springframework.test.context.support.DirtiesContextBeforeModesTestExecutionListener@bb21063, org.springframework.test.context.event.ApplicationEventsTestExecutionListener@6821c63c, org.springframework.boot.test.mock.mockito.MockitoTestExecutionListener@c2f7c63, org.springframework.boot.test.autoconfigure.SpringBootDependencyInjectionTestExecutionListener@4790b897, org.springframework.test.context.support.DirtiesContextTestExecutionListener@5cba890e, org.springframework.test.context.event.EventPublishingTestExecutionListener@3a4cb483, org.springframework.boot.test.autoconfigure.restdocs.RestDocsTestExecutionListener@4d770bcd, org.springframework.boot.test.autoconfigure.web.client.MockRestServiceServerResetTestExecutionListener@fe156f4, org.springframework.boot.test.autoconfigure.web.servlet.MockMvcPrintOnlyOnFailureTestExecutionListener@79b4cff, org.springframework.boot.test.autoconfigure.web.servlet.WebDriverTestExecutionListener@58ac0823, org.springframework.boot.test.autoconfigure.webservices.client.MockWebServiceServerTestExecutionListener@2d705998, org.springframework.boot.test.mock.mockito.ResetMocksTestExecutionListener@28a3fc34]
14:01:09.297 [Test worker] DEBUG org.springframework.test.context.support.AbstractDirtiesContextTestExecutionListener - Before test class: context [DefaultTestContext@54e06788 testClass = TestTourGuideService, testInstance = [null], testMethod = [null], testException = [null], mergedContextConfiguration = [WebMergedContextConfiguration@4e789704 testClass = TestTourGuideService, locations = '{}', classes = '{class tourGuide.Application}', contextInitializerClasses = '[]', activeProfiles = '{}', propertySourceLocations = '{}', propertySourceProperties = '{org.springframework.boot.test.context.SpringBootTestContextBootstrapper=true}', contextCustomizers = set[org.springframework.boot.test.autoconfigure.actuate.metrics.MetricsExportContextCustomizerFactory$DisableMetricExportContextCustomizer@20349058, org.springframework.boot.test.autoconfigure.properties.PropertyMappingContextCustomizer@0, org.springframework.boot.test.autoconfigure.web.servlet.WebDriverContextCustomizerFactory$Customizer@3b4ef59f, org.springframework.boot.test.context.filter.ExcludeFilterContextCustomizer@5a7b309b, org.springframework.boot.test.json.DuplicateJsonObjectContextCustomizerFactory$DuplicateJsonObjectContextCustomizer@75e80a97, org.springframework.boot.test.mock.mockito.MockitoContextCustomizer@0, org.springframework.boot.test.web.client.TestRestTemplateContextCustomizer@5396eeb1, org.springframework.boot.test.context.SpringBootTestArgs@1, org.springframework.boot.test.context.SpringBootTestWebEnvironment@6ed06f69], resourceBasePath = 'src/main/webapp', contextLoader = 'org.springframework.boot.test.context.SpringBootContextLoader', parent = [null]], attributes = map['org.springframework.test.context.web.ServletTestExecutionListener.activateListener' -> true]], class annotated with @DirtiesContext [false] with mode [null].

  .   ____          _            __ _ _
 /\\ / ___'_ __ _ _(_)_ __  __ _ \ \ \ \
( ( )\___ | '_ | '_| | '_ \/ _` | \ \ \ \
 \\/  ___)| |_)| | | | | || (_| |  ) ) ) )
  '  |____| .__|_| |_|_| |_\__, | / / / /
 =========|_|==============|___/=/_/_/_/
 :: Spring Boot ::                (v2.7.8)

2023-03-09 14:01:10.550  INFO 4021 --- [    Test worker] tourGuide.TestTourGuideService           : Starting TestTourGuideService using Java 1.8.0_362 on macbook-pro-de-quentin.home with PID 4021 (started by quentincaracatzanis in /Users/quentincaracatzanis/Documents/Dev/GitHub/JavaPathENProject8/TourGuide)
2023-03-09 14:01:10.557 DEBUG 4021 --- [    Test worker] tourGuide.TestTourGuideService           : Running with Spring Boot v2.7.8, Spring v5.3.25
2023-03-09 14:01:10.562  INFO 4021 --- [    Test worker] tourGuide.TestTourGuideService           : No active profile set, falling back to 1 default profile: "default"
2023-03-09 14:01:13.734  INFO 4021 --- [    Test worker] o.s.cloud.context.scope.GenericScope     : BeanFactory id=766e2317-291d-3dd8-b227-ca64dee66c95
2023-03-09 14:01:15.872  INFO 4021 --- [    Test worker] org.reflections.Reflections              : Reflections took 123 ms to scan 3 urls, producing 21 keys and 41 values
2023-03-09 14:01:16.595  INFO 4021 --- [    Test worker] tourGuide.service.TourGuideService       : TestMode enabled
2023-03-09 14:01:16.596 DEBUG 4021 --- [    Test worker] tourGuide.service.TourGuideService       : Initializing users
2023-03-09 14:01:16.628  INFO 4021 --- [    Test worker] o.j.m.DefaultMonetaryContextFactory      : Using custom MathContext: precision=256, roundingMode=HALF_EVEN
2023-03-09 14:01:16.660 DEBUG 4021 --- [    Test worker] tourGuide.service.TourGuideService       : Created 100 internal test users.
2023-03-09 14:01:16.660 DEBUG 4021 --- [    Test worker] tourGuide.service.TourGuideService       : Finished initializing users
2023-03-09 14:01:16.668 DEBUG 4021 --- [pool-1-thread-1] tourGuide.tracker.Tracker                : Begin Tracker. Tracking 100 users.
2023-03-09 14:01:19.763  INFO 4021 --- [    Test worker] o.s.b.a.e.web.EndpointLinksResolver      : Exposing 1 endpoint(s) beneath base path '/actuator'
2023-03-09 14:01:19.853  INFO 4021 --- [    Test worker] tourGuide.TestTourGuideService           : Started TestTourGuideService in 10.474 seconds (JVM running for 14.024)
2023-03-09 14:01:20.842  INFO 4021 --- [    Test worker] tourGuide.service.TourGuideService       : TestMode enabled
2023-03-09 14:01:20.843 DEBUG 4021 --- [    Test worker] tourGuide.service.TourGuideService       : Initializing users
2023-03-09 14:01:20.844 DEBUG 4021 --- [    Test worker] tourGuide.service.TourGuideService       : Created 0 internal test users.
2023-03-09 14:01:20.844 DEBUG 4021 --- [    Test worker] tourGuide.service.TourGuideService       : Finished initializing users
2023-03-09 14:01:20.846 DEBUG 4021 --- [pool-2-thread-1] tourGuide.tracker.Tracker                : Begin Tracker. Tracking 0 users.
2023-03-09 14:01:20.851 DEBUG 4021 --- [pool-2-thread-1] tourGuide.tracker.Tracker                : Tracker Time Elapsed: 0 seconds.
2023-03-09 14:01:20.852 DEBUG 4021 --- [pool-2-thread-1] tourGuide.tracker.Tracker                : Tracker sleeping
2023-03-09 14:01:20.918  INFO 4021 --- [    Test worker] tourGuide.service.TourGuideService       : TestMode enabled
2023-03-09 14:01:20.921 DEBUG 4021 --- [    Test worker] tourGuide.service.TourGuideService       : Initializing users
2023-03-09 14:01:20.922 DEBUG 4021 --- [    Test worker] tourGuide.service.TourGuideService       : Created 0 internal test users.
2023-03-09 14:01:20.922 DEBUG 4021 --- [    Test worker] tourGuide.service.TourGuideService       : Finished initializing users
2023-03-09 14:01:20.925 DEBUG 4021 --- [pool-3-thread-1] tourGuide.tracker.Tracker                : Begin Tracker. Tracking 0 users.
2023-03-09 14:01:20.926 DEBUG 4021 --- [pool-3-thread-1] tourGuide.tracker.Tracker                : Tracker Time Elapsed: 0 seconds.
2023-03-09 14:01:20.926 DEBUG 4021 --- [pool-3-thread-1] tourGuide.tracker.Tracker                : Tracker sleeping
2023-03-09 14:01:20.948  INFO 4021 --- [    Test worker] tourGuide.service.TourGuideService       : TestMode enabled
2023-03-09 14:01:20.950 DEBUG 4021 --- [    Test worker] tourGuide.service.TourGuideService       : Initializing users
2023-03-09 14:01:20.950 DEBUG 4021 --- [    Test worker] tourGuide.service.TourGuideService       : Created 0 internal test users.
2023-03-09 14:01:20.951 DEBUG 4021 --- [    Test worker] tourGuide.service.TourGuideService       : Finished initializing users
2023-03-09 14:01:20.952 DEBUG 4021 --- [pool-4-thread-1] tourGuide.tracker.Tracker                : Begin Tracker. Tracking 0 users.
2023-03-09 14:01:20.952 DEBUG 4021 --- [pool-4-thread-1] tourGuide.tracker.Tracker                : Tracker Time Elapsed: 0 seconds.
2023-03-09 14:01:20.953 DEBUG 4021 --- [pool-4-thread-1] tourGuide.tracker.Tracker                : Tracker sleeping
2023-03-09 14:01:21.128  INFO 4021 --- [    Test worker] tourGuide.service.TourGuideService       : TestMode enabled
2023-03-09 14:01:21.131 DEBUG 4021 --- [    Test worker] tourGuide.service.TourGuideService       : Initializing users
2023-03-09 14:01:21.132 DEBUG 4021 --- [    Test worker] tourGuide.service.TourGuideService       : Created 0 internal test users.
2023-03-09 14:01:21.134 DEBUG 4021 --- [    Test worker] tourGuide.service.TourGuideService       : Finished initializing users
2023-03-09 14:01:21.138 DEBUG 4021 --- [pool-5-thread-1] tourGuide.tracker.Tracker                : Begin Tracker. Tracking 0 users.
2023-03-09 14:01:21.138 DEBUG 4021 --- [pool-5-thread-1] tourGuide.tracker.Tracker                : Tracker Time Elapsed: 0 seconds.
2023-03-09 14:01:21.138 DEBUG 4021 --- [pool-5-thread-1] tourGuide.tracker.Tracker                : Tracker sleeping
2023-03-09 14:01:21.253  INFO 4021 --- [    Test worker] tourGuide.service.TourGuideService       : TestMode enabled
2023-03-09 14:01:21.254 DEBUG 4021 --- [    Test worker] tourGuide.service.TourGuideService       : Initializing users
2023-03-09 14:01:21.254 DEBUG 4021 --- [    Test worker] tourGuide.service.TourGuideService       : Created 0 internal test users.
2023-03-09 14:01:21.254 DEBUG 4021 --- [    Test worker] tourGuide.service.TourGuideService       : Finished initializing users
2023-03-09 14:01:21.254 DEBUG 4021 --- [pool-6-thread-1] tourGuide.tracker.Tracker                : Begin Tracker. Tracking 0 users.
2023-03-09 14:01:21.254 DEBUG 4021 --- [pool-6-thread-1] tourGuide.tracker.Tracker                : Tracker Time Elapsed: 0 seconds.
2023-03-09 14:01:21.254 DEBUG 4021 --- [pool-6-thread-1] tourGuide.tracker.Tracker                : Tracker sleeping
2023-03-09 14:01:21.329  INFO 4021 --- [    Test worker] tourGuide.service.TourGuideService       : TestMode enabled
2023-03-09 14:01:21.329 DEBUG 4021 --- [    Test worker] tourGuide.service.TourGuideService       : Initializing users
2023-03-09 14:01:21.329 DEBUG 4021 --- [    Test worker] tourGuide.service.TourGuideService       : Created 0 internal test users.
2023-03-09 14:01:21.329 DEBUG 4021 --- [    Test worker] tourGuide.service.TourGuideService       : Finished initializing users
2023-03-09 14:01:21.330 DEBUG 4021 --- [pool-7-thread-1] tourGuide.tracker.Tracker                : Begin Tracker. Tracking 0 users.
2023-03-09 14:01:21.330 DEBUG 4021 --- [pool-7-thread-1] tourGuide.tracker.Tracker                : Tracker Time Elapsed: 0 seconds.
2023-03-09 14:01:21.330 DEBUG 4021 --- [pool-7-thread-1] tourGuide.tracker.Tracker                : Tracker sleeping
]]></system-out>
  <system-err><![CDATA[]]></system-err>
</testsuite>
