<?xml version="1.0" encoding="UTF-8"?>
<testsuite name="tourGuide.performanceTest.TestPerformance" tests="2" skipped="0" failures="0" errors="0" timestamp="2023-03-15T16:54:59" hostname="macbook-pro-de-quentin.home" time="730.172">
  <properties/>
  <testcase name="highVolumeTrackLocation()" classname="tourGuide.performanceTest.TestPerformance" time="206.149"/>
  <testcase name="highVolumeGetRewards()" classname="tourGuide.performanceTest.TestPerformance" time="523.969"/>
  <system-out><![CDATA[2023-03-15 17:54:59.289  INFO 14760 --- [    Test worker] .b.t.c.SpringBootTestContextBootstrapper : Neither @ContextConfiguration nor @ContextHierarchy found for test class [tourGuide.performanceTest.TestPerformance], using SpringBootContextLoader
2023-03-15 17:54:59.295  INFO 14760 --- [    Test worker] o.s.t.c.support.AbstractContextLoader    : Could not detect default resource locations for test class [tourGuide.performanceTest.TestPerformance]: no resource found for suffixes {-context.xml, Context.groovy}.
2023-03-15 17:54:59.299  INFO 14760 --- [    Test worker] t.c.s.AnnotationConfigContextLoaderUtils : Could not detect default configuration classes for test class [tourGuide.performanceTest.TestPerformance]: TestPerformance does not declare any static, non-private, non-final, nested classes annotated with @Configuration.
2023-03-15 17:54:59.340  INFO 14760 --- [    Test worker] .b.t.c.SpringBootTestContextBootstrapper : Found @SpringBootConfiguration tourGuide.Application for test class tourGuide.performanceTest.TestPerformance
2023-03-15 17:54:59.353  INFO 14760 --- [    Test worker] .b.t.c.SpringBootTestContextBootstrapper : Loaded default TestExecutionListener class names from location [META-INF/spring.factories]: [org.springframework.boot.test.autoconfigure.restdocs.RestDocsTestExecutionListener, org.springframework.boot.test.autoconfigure.web.client.MockRestServiceServerResetTestExecutionListener, org.springframework.boot.test.autoconfigure.web.servlet.MockMvcPrintOnlyOnFailureTestExecutionListener, org.springframework.boot.test.autoconfigure.web.servlet.WebDriverTestExecutionListener, org.springframework.boot.test.autoconfigure.webservices.client.MockWebServiceServerTestExecutionListener, org.springframework.boot.test.mock.mockito.MockitoTestExecutionListener, org.springframework.boot.test.mock.mockito.ResetMocksTestExecutionListener, org.springframework.test.context.web.ServletTestExecutionListener, org.springframework.test.context.support.DirtiesContextBeforeModesTestExecutionListener, org.springframework.test.context.event.ApplicationEventsTestExecutionListener, org.springframework.test.context.support.DependencyInjectionTestExecutionListener, org.springframework.test.context.support.DirtiesContextTestExecutionListener, org.springframework.test.context.transaction.TransactionalTestExecutionListener, org.springframework.test.context.jdbc.SqlScriptsTestExecutionListener, org.springframework.test.context.event.EventPublishingTestExecutionListener]
2023-03-15 17:54:59.354  INFO 14760 --- [    Test worker] .b.t.c.SpringBootTestContextBootstrapper : Using TestExecutionListeners: [org.springframework.test.context.web.ServletTestExecutionListener@1b0468d1, org.springframework.test.context.support.DirtiesContextBeforeModesTestExecutionListener@ea8c907, org.springframework.test.context.event.ApplicationEventsTestExecutionListener@5634f783, org.springframework.boot.test.mock.mockito.MockitoTestExecutionListener@75af0f98, org.springframework.boot.test.autoconfigure.SpringBootDependencyInjectionTestExecutionListener@4d55b31c, org.springframework.test.context.support.DirtiesContextTestExecutionListener@5fdab40, org.springframework.test.context.event.EventPublishingTestExecutionListener@7404cc93, org.springframework.boot.test.autoconfigure.restdocs.RestDocsTestExecutionListener@795ade44, org.springframework.boot.test.autoconfigure.web.client.MockRestServiceServerResetTestExecutionListener@19775f20, org.springframework.boot.test.autoconfigure.web.servlet.MockMvcPrintOnlyOnFailureTestExecutionListener@713850e5, org.springframework.boot.test.autoconfigure.web.servlet.WebDriverTestExecutionListener@230a7a05, org.springframework.boot.test.autoconfigure.webservices.client.MockWebServiceServerTestExecutionListener@c8d38de, org.springframework.boot.test.mock.mockito.ResetMocksTestExecutionListener@2fa0f830]
2023-03-15 17:54:59.413  INFO 14760 --- [    Test worker] tourGuide.service.TourGuideService       : TestMode enabled
2023-03-15 17:54:59.413 DEBUG 14760 --- [    Test worker] tourGuide.service.TourGuideService       : Initializing users
2023-03-15 17:55:00.205 DEBUG 14760 --- [    Test worker] tourGuide.service.TourGuideService       : Created 100000 internal test users.
2023-03-15 17:55:00.205 DEBUG 14760 --- [    Test worker] tourGuide.service.TourGuideService       : Finished initializing users
2023-03-15 17:55:00.255 DEBUG 14760 --- [pool-7-thread-1] tourGuide.tracker.Tracker                : Begin Tracker. Tracking 100000 users.
2023-03-15 17:55:11.920 DEBUG 14760 --- [pool-3-thread-1] tourGuide.tracker.Tracker                : Tracker Time Elapsed: 17 seconds.
2023-03-15 17:55:11.926 DEBUG 14760 --- [pool-3-thread-1] tourGuide.tracker.Tracker                : Tracker sleeping
highVolumeTrackLocation: Time Elapsed: 205 seconds.
2023-03-15 17:58:25.618  INFO 14760 --- [    Test worker] tourGuide.service.TourGuideService       : TestMode enabled
2023-03-15 17:58:25.623 DEBUG 14760 --- [    Test worker] tourGuide.service.TourGuideService       : Initializing users
2023-03-15 17:58:26.563 DEBUG 14760 --- [    Test worker] tourGuide.service.TourGuideService       : Created 100000 internal test users.
2023-03-15 17:58:26.566 DEBUG 14760 --- [    Test worker] tourGuide.service.TourGuideService       : Finished initializing users
2023-03-15 17:58:26.579 DEBUG 14760 --- [ool-10-thread-1] tourGuide.tracker.Tracker                : Begin Tracker. Tracking 100000 users.
2023-03-15 18:00:11.931 DEBUG 14760 --- [pool-3-thread-1] tourGuide.tracker.Tracker                : Begin Tracker. Tracking 100 users.
2023-03-15 18:00:18.853 DEBUG 14760 --- [pool-3-thread-1] tourGuide.tracker.Tracker                : Tracker Time Elapsed: 6 seconds.
2023-03-15 18:00:18.855 DEBUG 14760 --- [pool-3-thread-1] tourGuide.tracker.Tracker                : Tracker sleeping
2023-03-15 18:05:18.866 DEBUG 14760 --- [pool-3-thread-1] tourGuide.tracker.Tracker                : Begin Tracker. Tracking 100 users.
2023-03-15 18:05:26.163 DEBUG 14760 --- [pool-3-thread-1] tourGuide.tracker.Tracker                : Tracker Time Elapsed: 7 seconds.
2023-03-15 18:05:26.164 DEBUG 14760 --- [pool-3-thread-1] tourGuide.tracker.Tracker                : Tracker sleeping
highVolumeGetRewards: Time Elapsed: 523 seconds.
]]></system-out>
  <system-err><![CDATA[]]></system-err>
</testsuite>
