<?xml version="1.0" encoding="UTF-8"?>
<testsuite name="tourGuide.ApplicationTest" tests="1" skipped="0" failures="0" errors="0" timestamp="2023-03-15T16:36:27" hostname="macbook-pro-de-quentin.home" time="0.384">
  <properties/>
  <testcase name="contextLoads()" classname="tourGuide.ApplicationTest" time="0.384"/>
  <system-out><![CDATA[17:36:15.743 [Test worker] DEBUG org.springframework.test.context.BootstrapUtils - Instantiating CacheAwareContextLoaderDelegate from class [org.springframework.test.context.cache.DefaultCacheAwareContextLoaderDelegate]
17:36:15.779 [Test worker] DEBUG org.springframework.test.context.BootstrapUtils - Instantiating BootstrapContext using constructor [public org.springframework.test.context.support.DefaultBootstrapContext(java.lang.Class,org.springframework.test.context.CacheAwareContextLoaderDelegate)]
17:36:15.939 [Test worker] DEBUG org.springframework.test.context.BootstrapUtils - Instantiating TestContextBootstrapper for test class [tourGuide.ApplicationTest] from class [org.springframework.boot.test.context.SpringBootTestContextBootstrapper]
17:36:15.973 [Test worker] INFO org.springframework.boot.test.context.SpringBootTestContextBootstrapper - Neither @ContextConfiguration nor @ContextHierarchy found for test class [tourGuide.ApplicationTest], using SpringBootContextLoader
17:36:15.986 [Test worker] DEBUG org.springframework.test.context.support.AbstractContextLoader - Did not detect default resource location for test class [tourGuide.ApplicationTest]: class path resource [tourGuide/ApplicationTest-context.xml] does not exist
17:36:15.987 [Test worker] DEBUG org.springframework.test.context.support.AbstractContextLoader - Did not detect default resource location for test class [tourGuide.ApplicationTest]: class path resource [tourGuide/ApplicationTestContext.groovy] does not exist
17:36:15.987 [Test worker] INFO org.springframework.test.context.support.AbstractContextLoader - Could not detect default resource locations for test class [tourGuide.ApplicationTest]: no resource found for suffixes {-context.xml, Context.groovy}.
17:36:16.095 [Test worker] DEBUG org.springframework.test.context.support.ActiveProfilesUtils - Could not find an 'annotation declaring class' for annotation type [org.springframework.test.context.ActiveProfiles] and class [tourGuide.ApplicationTest]
17:36:16.364 [Test worker] DEBUG org.springframework.boot.test.context.SpringBootTestContextBootstrapper - @TestExecutionListeners is not present for class [tourGuide.ApplicationTest]: using defaults.
17:36:16.365 [Test worker] INFO org.springframework.boot.test.context.SpringBootTestContextBootstrapper - Loaded default TestExecutionListener class names from location [META-INF/spring.factories]: [org.springframework.boot.test.autoconfigure.restdocs.RestDocsTestExecutionListener, org.springframework.boot.test.autoconfigure.web.client.MockRestServiceServerResetTestExecutionListener, org.springframework.boot.test.autoconfigure.web.servlet.MockMvcPrintOnlyOnFailureTestExecutionListener, org.springframework.boot.test.autoconfigure.web.servlet.WebDriverTestExecutionListener, org.springframework.boot.test.autoconfigure.webservices.client.MockWebServiceServerTestExecutionListener, org.springframework.boot.test.mock.mockito.MockitoTestExecutionListener, org.springframework.boot.test.mock.mockito.ResetMocksTestExecutionListener, org.springframework.test.context.web.ServletTestExecutionListener, org.springframework.test.context.support.DirtiesContextBeforeModesTestExecutionListener, org.springframework.test.context.event.ApplicationEventsTestExecutionListener, org.springframework.test.context.support.DependencyInjectionTestExecutionListener, org.springframework.test.context.support.DirtiesContextTestExecutionListener, org.springframework.test.context.transaction.TransactionalTestExecutionListener, org.springframework.test.context.jdbc.SqlScriptsTestExecutionListener, org.springframework.test.context.event.EventPublishingTestExecutionListener]
17:36:16.396 [Test worker] DEBUG org.springframework.boot.test.context.SpringBootTestContextBootstrapper - Skipping candidate TestExecutionListener [org.springframework.test.context.transaction.TransactionalTestExecutionListener] due to a missing dependency. Specify custom listener classes or make the default listener classes and their required dependencies available. Offending class: [org/springframework/transaction/TransactionDefinition]
17:36:16.398 [Test worker] DEBUG org.springframework.boot.test.context.SpringBootTestContextBootstrapper - Skipping candidate TestExecutionListener [org.springframework.test.context.jdbc.SqlScriptsTestExecutionListener] due to a missing dependency. Specify custom listener classes or make the default listener classes and their required dependencies available. Offending class: [org/springframework/transaction/interceptor/TransactionAttribute]
17:36:16.399 [Test worker] INFO org.springframework.boot.test.context.SpringBootTestContextBootstrapper - Using TestExecutionListeners: [org.springframework.test.context.web.ServletTestExecutionListener@62054faf, org.springframework.test.context.support.DirtiesContextBeforeModesTestExecutionListener@75d539b9, org.springframework.test.context.event.ApplicationEventsTestExecutionListener@20f63ddc, org.springframework.boot.test.mock.mockito.MockitoTestExecutionListener@210c1b9d, org.springframework.boot.test.autoconfigure.SpringBootDependencyInjectionTestExecutionListener@69bc4024, org.springframework.test.context.support.DirtiesContextTestExecutionListener@3578a45b, org.springframework.test.context.event.EventPublishingTestExecutionListener@24f177f5, org.springframework.boot.test.autoconfigure.restdocs.RestDocsTestExecutionListener@65e05005, org.springframework.boot.test.autoconfigure.web.client.MockRestServiceServerResetTestExecutionListener@6ed691fd, org.springframework.boot.test.autoconfigure.web.servlet.MockMvcPrintOnlyOnFailureTestExecutionListener@1efcba00, org.springframework.boot.test.autoconfigure.web.servlet.WebDriverTestExecutionListener@311d28f5, org.springframework.boot.test.autoconfigure.webservices.client.MockWebServiceServerTestExecutionListener@569a26ab, org.springframework.boot.test.mock.mockito.ResetMocksTestExecutionListener@c190cfc]
17:36:16.406 [Test worker] DEBUG org.springframework.test.context.support.AbstractDirtiesContextTestExecutionListener - Before test class: context [DefaultTestContext@5c79c5ec testClass = ApplicationTest, testInstance = [null], testMethod = [null], testException = [null], mergedContextConfiguration = [WebMergedContextConfiguration@34eaf9c1 testClass = ApplicationTest, locations = '{}', classes = '{class tourGuide.Application}', contextInitializerClasses = '[]', activeProfiles = '{}', propertySourceLocations = '{}', propertySourceProperties = '{org.springframework.boot.test.context.SpringBootTestContextBootstrapper=true}', contextCustomizers = set[org.springframework.boot.test.autoconfigure.actuate.metrics.MetricsExportContextCustomizerFactory$DisableMetricExportContextCustomizer@5c3d4f05, org.springframework.boot.test.autoconfigure.properties.PropertyMappingContextCustomizer@0, org.springframework.boot.test.autoconfigure.web.servlet.WebDriverContextCustomizerFactory$Customizer@17c4dc5b, org.springframework.boot.test.context.filter.ExcludeFilterContextCustomizer@5e905f2c, org.springframework.boot.test.json.DuplicateJsonObjectContextCustomizerFactory$DuplicateJsonObjectContextCustomizer@55877274, org.springframework.boot.test.mock.mockito.MockitoContextCustomizer@0, org.springframework.boot.test.web.client.TestRestTemplateContextCustomizer@6c4ce583, org.springframework.boot.test.context.SpringBootTestArgs@1, org.springframework.boot.test.context.SpringBootTestWebEnvironment@26ae880a], resourceBasePath = 'src/main/webapp', contextLoader = 'org.springframework.boot.test.context.SpringBootContextLoader', parent = [null]], attributes = map['org.springframework.test.context.web.ServletTestExecutionListener.activateListener' -> true]], class annotated with @DirtiesContext [false] with mode [null].

  .   ____          _            __ _ _
 /\\ / ___'_ __ _ _(_)_ __  __ _ \ \ \ \
( ( )\___ | '_ | '_| | '_ \/ _` | \ \ \ \
 \\/  ___)| |_)| | | | | || (_| |  ) ) ) )
  '  |____| .__|_| |_|_| |_\__, | / / / /
 =========|_|==============|___/=/_/_/_/
 :: Spring Boot ::                (v2.7.8)

2023-03-15 17:36:17.629  INFO 13336 --- [    Test worker] tourGuide.ApplicationTest                : Starting ApplicationTest using Java 1.8.0_362 on macbook-pro-de-quentin.home with PID 13336 (started by quentincaracatzanis in /Users/quentincaracatzanis/Documents/Dev/GitHub/JavaPathENProject8/TourGuide)
2023-03-15 17:36:17.631 DEBUG 13336 --- [    Test worker] tourGuide.ApplicationTest                : Running with Spring Boot v2.7.8, Spring v5.3.25
2023-03-15 17:36:17.634  INFO 13336 --- [    Test worker] tourGuide.ApplicationTest                : No active profile set, falling back to 1 default profile: "default"
2023-03-15 17:36:20.880  INFO 13336 --- [    Test worker] o.s.cloud.context.scope.GenericScope     : BeanFactory id=9020db6b-f75e-3640-99c0-15208062bd34
2023-03-15 17:36:22.732  INFO 13336 --- [    Test worker] tourGuide.service.TourGuideService       : TestMode enabled
2023-03-15 17:36:22.734 DEBUG 13336 --- [    Test worker] tourGuide.service.TourGuideService       : Initializing users
2023-03-15 17:36:22.766  INFO 13336 --- [    Test worker] o.j.m.DefaultMonetaryContextFactory      : Using custom MathContext: precision=256, roundingMode=HALF_EVEN
2023-03-15 17:36:22.806 DEBUG 13336 --- [    Test worker] tourGuide.service.TourGuideService       : Created 100 internal test users.
2023-03-15 17:36:22.806 DEBUG 13336 --- [    Test worker] tourGuide.service.TourGuideService       : Finished initializing users
2023-03-15 17:36:22.816 DEBUG 13336 --- [pool-3-thread-1] tourGuide.tracker.Tracker                : Begin Tracker. Tracking 100 users.
2023-03-15 17:36:27.103  INFO 13336 --- [    Test worker] o.s.b.a.e.web.EndpointLinksResolver      : Exposing 1 endpoint(s) beneath base path '/actuator'
2023-03-15 17:36:27.302  INFO 13336 --- [    Test worker] tourGuide.ApplicationTest                : Started ApplicationTest in 10.795 seconds (JVM running for 14.348)
]]></system-out>
  <system-err><![CDATA[]]></system-err>
</testsuite>
