<?xml version="1.0" encoding="UTF-8"?>
<testsuite name="tourGuide.performanceTest.TestPerformance" tests="1" skipped="0" failures="0" errors="0" timestamp="2023-03-11T20:10:39" hostname="macbook-pro-de-quentin.home" time="207.85">
  <properties/>
  <testcase name="highVolumeTrackLocation()" classname="tourGuide.performanceTest.TestPerformance" time="207.85"/>
  <system-out><![CDATA[21:10:27.697 [Test worker] DEBUG org.springframework.test.context.BootstrapUtils - Instantiating CacheAwareContextLoaderDelegate from class [org.springframework.test.context.cache.DefaultCacheAwareContextLoaderDelegate]
21:10:27.729 [Test worker] DEBUG org.springframework.test.context.BootstrapUtils - Instantiating BootstrapContext using constructor [public org.springframework.test.context.support.DefaultBootstrapContext(java.lang.Class,org.springframework.test.context.CacheAwareContextLoaderDelegate)]
21:10:27.875 [Test worker] DEBUG org.springframework.test.context.BootstrapUtils - Instantiating TestContextBootstrapper for test class [tourGuide.performanceTest.TestPerformance] from class [org.springframework.boot.test.context.SpringBootTestContextBootstrapper]
21:10:27.906 [Test worker] INFO org.springframework.boot.test.context.SpringBootTestContextBootstrapper - Neither @ContextConfiguration nor @ContextHierarchy found for test class [tourGuide.performanceTest.TestPerformance], using SpringBootContextLoader
21:10:27.924 [Test worker] DEBUG org.springframework.test.context.support.AbstractContextLoader - Did not detect default resource location for test class [tourGuide.performanceTest.TestPerformance]: class path resource [tourGuide/performanceTest/TestPerformance-context.xml] does not exist
21:10:27.925 [Test worker] DEBUG org.springframework.test.context.support.AbstractContextLoader - Did not detect default resource location for test class [tourGuide.performanceTest.TestPerformance]: class path resource [tourGuide/performanceTest/TestPerformanceContext.groovy] does not exist
21:10:27.925 [Test worker] INFO org.springframework.test.context.support.AbstractContextLoader - Could not detect default resource locations for test class [tourGuide.performanceTest.TestPerformance]: no resource found for suffixes {-context.xml, Context.groovy}.
21:10:27.926 [Test worker] INFO org.springframework.test.context.support.AnnotationConfigContextLoaderUtils - Could not detect default configuration classes for test class [tourGuide.performanceTest.TestPerformance]: TestPerformance does not declare any static, non-private, non-final, nested classes annotated with @Configuration.
21:10:28.030 [Test worker] DEBUG org.springframework.test.context.support.ActiveProfilesUtils - Could not find an 'annotation declaring class' for annotation type [org.springframework.test.context.ActiveProfiles] and class [tourGuide.performanceTest.TestPerformance]
21:10:28.226 [Test worker] DEBUG org.springframework.context.annotation.ClassPathScanningCandidateComponentProvider - Identified candidate component class: file [/Users/quentincaracatzanis/Documents/Dev/GitHub/JavaPathENProject8/TourGuide/build/classes/java/main/tourGuide/Application.class]
21:10:28.239 [Test worker] INFO org.springframework.boot.test.context.SpringBootTestContextBootstrapper - Found @SpringBootConfiguration tourGuide.Application for test class tourGuide.performanceTest.TestPerformance
21:10:28.460 [Test worker] DEBUG org.springframework.boot.test.context.SpringBootTestContextBootstrapper - @TestExecutionListeners is not present for class [tourGuide.performanceTest.TestPerformance]: using defaults.
21:10:28.462 [Test worker] INFO org.springframework.boot.test.context.SpringBootTestContextBootstrapper - Loaded default TestExecutionListener class names from location [META-INF/spring.factories]: [org.springframework.boot.test.autoconfigure.restdocs.RestDocsTestExecutionListener, org.springframework.boot.test.autoconfigure.web.client.MockRestServiceServerResetTestExecutionListener, org.springframework.boot.test.autoconfigure.web.servlet.MockMvcPrintOnlyOnFailureTestExecutionListener, org.springframework.boot.test.autoconfigure.web.servlet.WebDriverTestExecutionListener, org.springframework.boot.test.autoconfigure.webservices.client.MockWebServiceServerTestExecutionListener, org.springframework.boot.test.mock.mockito.MockitoTestExecutionListener, org.springframework.boot.test.mock.mockito.ResetMocksTestExecutionListener, org.springframework.test.context.web.ServletTestExecutionListener, org.springframework.test.context.support.DirtiesContextBeforeModesTestExecutionListener, org.springframework.test.context.event.ApplicationEventsTestExecutionListener, org.springframework.test.context.support.DependencyInjectionTestExecutionListener, org.springframework.test.context.support.DirtiesContextTestExecutionListener, org.springframework.test.context.transaction.TransactionalTestExecutionListener, org.springframework.test.context.jdbc.SqlScriptsTestExecutionListener, org.springframework.test.context.event.EventPublishingTestExecutionListener]
21:10:28.485 [Test worker] DEBUG org.springframework.boot.test.context.SpringBootTestContextBootstrapper - Skipping candidate TestExecutionListener [org.springframework.test.context.transaction.TransactionalTestExecutionListener] due to a missing dependency. Specify custom listener classes or make the default listener classes and their required dependencies available. Offending class: [org/springframework/transaction/TransactionDefinition]
21:10:28.486 [Test worker] DEBUG org.springframework.boot.test.context.SpringBootTestContextBootstrapper - Skipping candidate TestExecutionListener [org.springframework.test.context.jdbc.SqlScriptsTestExecutionListener] due to a missing dependency. Specify custom listener classes or make the default listener classes and their required dependencies available. Offending class: [org/springframework/transaction/interceptor/TransactionAttribute]
21:10:28.486 [Test worker] INFO org.springframework.boot.test.context.SpringBootTestContextBootstrapper - Using TestExecutionListeners: [org.springframework.test.context.web.ServletTestExecutionListener@288b73c1, org.springframework.test.context.support.DirtiesContextBeforeModesTestExecutionListener@104cfb24, org.springframework.test.context.event.ApplicationEventsTestExecutionListener@5340ccb9, org.springframework.boot.test.mock.mockito.MockitoTestExecutionListener@2bc8caa7, org.springframework.boot.test.autoconfigure.SpringBootDependencyInjectionTestExecutionListener@582ea164, org.springframework.test.context.support.DirtiesContextTestExecutionListener@2fccf49e, org.springframework.test.context.event.EventPublishingTestExecutionListener@7abcc0da, org.springframework.boot.test.autoconfigure.restdocs.RestDocsTestExecutionListener@174cb0d8, org.springframework.boot.test.autoconfigure.web.client.MockRestServiceServerResetTestExecutionListener@3ac406d4, org.springframework.boot.test.autoconfigure.web.servlet.MockMvcPrintOnlyOnFailureTestExecutionListener@72646d16, org.springframework.boot.test.autoconfigure.web.servlet.WebDriverTestExecutionListener@6ec2d990, org.springframework.boot.test.autoconfigure.webservices.client.MockWebServiceServerTestExecutionListener@1cfa7ee0, org.springframework.boot.test.mock.mockito.ResetMocksTestExecutionListener@612290d]
21:10:28.496 [Test worker] DEBUG org.springframework.test.context.support.AbstractDirtiesContextTestExecutionListener - Before test class: context [DefaultTestContext@73852720 testClass = TestPerformance, testInstance = [null], testMethod = [null], testException = [null], mergedContextConfiguration = [WebMergedContextConfiguration@22854f2b testClass = TestPerformance, locations = '{}', classes = '{class tourGuide.Application}', contextInitializerClasses = '[]', activeProfiles = '{}', propertySourceLocations = '{}', propertySourceProperties = '{org.springframework.boot.test.context.SpringBootTestContextBootstrapper=true}', contextCustomizers = set[org.springframework.boot.test.autoconfigure.actuate.metrics.MetricsExportContextCustomizerFactory$DisableMetricExportContextCustomizer@37c7766e, org.springframework.boot.test.autoconfigure.properties.PropertyMappingContextCustomizer@0, org.springframework.boot.test.autoconfigure.web.servlet.WebDriverContextCustomizerFactory$Customizer@530ee28b, org.springframework.boot.test.context.filter.ExcludeFilterContextCustomizer@6b4a4e40, org.springframework.boot.test.json.DuplicateJsonObjectContextCustomizerFactory$DuplicateJsonObjectContextCustomizer@5bfc79cb, org.springframework.boot.test.mock.mockito.MockitoContextCustomizer@0, org.springframework.boot.test.web.client.TestRestTemplateContextCustomizer@5e3db14, org.springframework.boot.test.context.SpringBootTestArgs@1, org.springframework.boot.test.context.SpringBootTestWebEnvironment@3b0ee03a], resourceBasePath = 'src/main/webapp', contextLoader = 'org.springframework.boot.test.context.SpringBootContextLoader', parent = [null]], attributes = map['org.springframework.test.context.web.ServletTestExecutionListener.activateListener' -> true]], class annotated with @DirtiesContext [false] with mode [null].

  .   ____          _            __ _ _
 /\\ / ___'_ __ _ _(_)_ __  __ _ \ \ \ \
( ( )\___ | '_ | '_| | '_ \/ _` | \ \ \ \
 \\/  ___)| |_)| | | | | || (_| |  ) ) ) )
  '  |____| .__|_| |_|_| |_\__, | / / / /
 =========|_|==============|___/=/_/_/_/
 :: Spring Boot ::                (v2.7.8)

2023-03-11 21:10:29.713  INFO 13175 --- [    Test worker] t.performanceTest.TestPerformance        : Starting TestPerformance using Java 1.8.0_362 on macbook-pro-de-quentin.home with PID 13175 (started by quentincaracatzanis in /Users/quentincaracatzanis/Documents/Dev/GitHub/JavaPathENProject8/TourGuide)
2023-03-11 21:10:29.719 DEBUG 13175 --- [    Test worker] t.performanceTest.TestPerformance        : Running with Spring Boot v2.7.8, Spring v5.3.25
2023-03-11 21:10:29.724  INFO 13175 --- [    Test worker] t.performanceTest.TestPerformance        : No active profile set, falling back to 1 default profile: "default"
2023-03-11 21:10:32.824  INFO 13175 --- [    Test worker] o.s.cloud.context.scope.GenericScope     : BeanFactory id=766e2317-291d-3dd8-b227-ca64dee66c95
2023-03-11 21:10:35.106  INFO 13175 --- [    Test worker] org.reflections.Reflections              : Reflections took 147 ms to scan 3 urls, producing 21 keys and 41 values
2023-03-11 21:10:36.011  INFO 13175 --- [    Test worker] tourGuide.service.TourGuideService       : TestMode enabled
2023-03-11 21:10:36.013 DEBUG 13175 --- [    Test worker] tourGuide.service.TourGuideService       : Initializing users
2023-03-11 21:10:36.051  INFO 13175 --- [    Test worker] o.j.m.DefaultMonetaryContextFactory      : Using custom MathContext: precision=256, roundingMode=HALF_EVEN
2023-03-11 21:10:36.083 DEBUG 13175 --- [    Test worker] tourGuide.service.TourGuideService       : Created 100 internal test users.
2023-03-11 21:10:36.083 DEBUG 13175 --- [    Test worker] tourGuide.service.TourGuideService       : Finished initializing users
2023-03-11 21:10:36.090 DEBUG 13175 --- [pool-3-thread-1] tourGuide.tracker.Tracker                : Begin Tracker. Tracking 100 users.
2023-03-11 21:10:39.131  INFO 13175 --- [    Test worker] o.s.b.a.e.web.EndpointLinksResolver      : Exposing 1 endpoint(s) beneath base path '/actuator'
2023-03-11 21:10:39.233  INFO 13175 --- [    Test worker] t.performanceTest.TestPerformance        : Started TestPerformance in 10.657 seconds (JVM running for 14.072)
2023-03-11 21:10:40.073  INFO 13175 --- [    Test worker] tourGuide.service.TourGuideService       : TestMode enabled
2023-03-11 21:10:40.075 DEBUG 13175 --- [    Test worker] tourGuide.service.TourGuideService       : Initializing users
2023-03-11 21:10:40.915 DEBUG 13175 --- [    Test worker] tourGuide.service.TourGuideService       : Created 100000 internal test users.
2023-03-11 21:10:40.916 DEBUG 13175 --- [    Test worker] tourGuide.service.TourGuideService       : Finished initializing users
2023-03-11 21:10:40.966 DEBUG 13175 --- [pool-7-thread-1] tourGuide.tracker.Tracker                : Begin Tracker. Tracking 100000 users.
2023-03-11 21:12:54.803 DEBUG 13175 --- [pool-3-thread-1] tourGuide.tracker.Tracker                : Tracker Time Elapsed: 138 seconds.
2023-03-11 21:12:54.811 DEBUG 13175 --- [pool-3-thread-1] tourGuide.tracker.Tracker                : Tracker sleeping
highVolumeTrackLocation: Time Elapsed: 206 seconds.
]]></system-out>
  <system-err><![CDATA[]]></system-err>
</testsuite>
