<?xml version="1.0" encoding="UTF-8"?>
<testsuite name="tourGuide.serviceTest.TourGuideServiceTest" tests="6" skipped="0" failures="0" errors="0" timestamp="2023-03-15T17:07:21" hostname="macbook-pro-de-quentin.home" time="0.584">
  <properties/>
  <testcase name="addUserTest()" classname="tourGuide.serviceTest.TourGuideServiceTest" time="0.018"/>
  <testcase name="getAllUsersTest()" classname="tourGuide.serviceTest.TourGuideServiceTest" time="0.006"/>
  <testcase name="getNearbyAttractionsTest()" classname="tourGuide.serviceTest.TourGuideServiceTest" time="0.143"/>
  <testcase name="trackUserTest()" classname="tourGuide.serviceTest.TourGuideServiceTest" time="0.109"/>
  <testcase name="getTripDealsTest()" classname="tourGuide.serviceTest.TourGuideServiceTest" time="0.189"/>
  <testcase name="getUserLocationTest()" classname="tourGuide.serviceTest.TourGuideServiceTest" time="0.099"/>
  <system-out><![CDATA[2023-03-15 18:07:21.836  INFO 14760 --- [    Test worker] .b.t.c.SpringBootTestContextBootstrapper : Neither @ContextConfiguration nor @ContextHierarchy found for test class [tourGuide.serviceTest.TourGuideServiceTest], using SpringBootContextLoader
2023-03-15 18:07:21.842  INFO 14760 --- [    Test worker] o.s.t.c.support.AbstractContextLoader    : Could not detect default resource locations for test class [tourGuide.serviceTest.TourGuideServiceTest]: no resource found for suffixes {-context.xml, Context.groovy}.
2023-03-15 18:07:21.842  INFO 14760 --- [    Test worker] t.c.s.AnnotationConfigContextLoaderUtils : Could not detect default configuration classes for test class [tourGuide.serviceTest.TourGuideServiceTest]: TourGuideServiceTest does not declare any static, non-private, non-final, nested classes annotated with @Configuration.
2023-03-15 18:07:21.845  INFO 14760 --- [    Test worker] .b.t.c.SpringBootTestContextBootstrapper : Found @SpringBootConfiguration tourGuide.Application for test class tourGuide.serviceTest.TourGuideServiceTest
2023-03-15 18:07:21.848  INFO 14760 --- [    Test worker] .b.t.c.SpringBootTestContextBootstrapper : Loaded default TestExecutionListener class names from location [META-INF/spring.factories]: [org.springframework.boot.test.autoconfigure.restdocs.RestDocsTestExecutionListener, org.springframework.boot.test.autoconfigure.web.client.MockRestServiceServerResetTestExecutionListener, org.springframework.boot.test.autoconfigure.web.servlet.MockMvcPrintOnlyOnFailureTestExecutionListener, org.springframework.boot.test.autoconfigure.web.servlet.WebDriverTestExecutionListener, org.springframework.boot.test.autoconfigure.webservices.client.MockWebServiceServerTestExecutionListener, org.springframework.boot.test.mock.mockito.MockitoTestExecutionListener, org.springframework.boot.test.mock.mockito.ResetMocksTestExecutionListener, org.springframework.test.context.web.ServletTestExecutionListener, org.springframework.test.context.support.DirtiesContextBeforeModesTestExecutionListener, org.springframework.test.context.event.ApplicationEventsTestExecutionListener, org.springframework.test.context.support.DependencyInjectionTestExecutionListener, org.springframework.test.context.support.DirtiesContextTestExecutionListener, org.springframework.test.context.transaction.TransactionalTestExecutionListener, org.springframework.test.context.jdbc.SqlScriptsTestExecutionListener, org.springframework.test.context.event.EventPublishingTestExecutionListener]
2023-03-15 18:07:21.849  INFO 14760 --- [    Test worker] .b.t.c.SpringBootTestContextBootstrapper : Using TestExecutionListeners: [org.springframework.test.context.web.ServletTestExecutionListener@b71af3f, org.springframework.test.context.support.DirtiesContextBeforeModesTestExecutionListener@45d316ae, org.springframework.test.context.event.ApplicationEventsTestExecutionListener@3e77c173, org.springframework.boot.test.mock.mockito.MockitoTestExecutionListener@75b986b9, org.springframework.boot.test.autoconfigure.SpringBootDependencyInjectionTestExecutionListener@7337d766, org.springframework.test.context.support.DirtiesContextTestExecutionListener@2e0cc9c8, org.springframework.test.context.event.EventPublishingTestExecutionListener@2ef0f923, org.springframework.boot.test.autoconfigure.restdocs.RestDocsTestExecutionListener@17c53e0a, org.springframework.boot.test.autoconfigure.web.client.MockRestServiceServerResetTestExecutionListener@5a044773, org.springframework.boot.test.autoconfigure.web.servlet.MockMvcPrintOnlyOnFailureTestExecutionListener@128e9772, org.springframework.boot.test.autoconfigure.web.servlet.WebDriverTestExecutionListener@3b1e4de1, org.springframework.boot.test.autoconfigure.webservices.client.MockWebServiceServerTestExecutionListener@59501e6, org.springframework.boot.test.mock.mockito.ResetMocksTestExecutionListener@7d52e1f8]
2023-03-15 18:07:21.866  INFO 14760 --- [    Test worker] tourGuide.service.TourGuideService       : TestMode enabled
2023-03-15 18:07:21.866 DEBUG 14760 --- [    Test worker] tourGuide.service.TourGuideService       : Initializing users
2023-03-15 18:07:21.867 DEBUG 14760 --- [    Test worker] tourGuide.service.TourGuideService       : Created 0 internal test users.
2023-03-15 18:07:21.867 DEBUG 14760 --- [    Test worker] tourGuide.service.TourGuideService       : Finished initializing users
2023-03-15 18:07:21.868 DEBUG 14760 --- [ool-20-thread-1] tourGuide.tracker.Tracker                : Begin Tracker. Tracking 0 users.
2023-03-15 18:07:21.869 DEBUG 14760 --- [ool-20-thread-1] tourGuide.tracker.Tracker                : Tracker Time Elapsed: 0 seconds.
2023-03-15 18:07:21.869 DEBUG 14760 --- [ool-20-thread-1] tourGuide.tracker.Tracker                : Tracker sleeping
2023-03-15 18:07:21.885  INFO 14760 --- [    Test worker] tourGuide.service.TourGuideService       : TestMode enabled
2023-03-15 18:07:21.886 DEBUG 14760 --- [    Test worker] tourGuide.service.TourGuideService       : Initializing users
2023-03-15 18:07:21.886 DEBUG 14760 --- [    Test worker] tourGuide.service.TourGuideService       : Created 0 internal test users.
2023-03-15 18:07:21.886 DEBUG 14760 --- [    Test worker] tourGuide.service.TourGuideService       : Finished initializing users
2023-03-15 18:07:21.887 DEBUG 14760 --- [ool-23-thread-1] tourGuide.tracker.Tracker                : Tracker stopping
2023-03-15 18:07:21.898  INFO 14760 --- [    Test worker] tourGuide.service.TourGuideService       : TestMode enabled
2023-03-15 18:07:21.900 DEBUG 14760 --- [    Test worker] tourGuide.service.TourGuideService       : Initializing users
2023-03-15 18:07:21.901 DEBUG 14760 --- [    Test worker] tourGuide.service.TourGuideService       : Created 0 internal test users.
2023-03-15 18:07:21.901 DEBUG 14760 --- [    Test worker] tourGuide.service.TourGuideService       : Finished initializing users
2023-03-15 18:07:21.902 DEBUG 14760 --- [ool-26-thread-1] tourGuide.tracker.Tracker                : Begin Tracker. Tracking 0 users.
2023-03-15 18:07:21.902 DEBUG 14760 --- [ool-26-thread-1] tourGuide.tracker.Tracker                : Tracker Time Elapsed: 0 seconds.
2023-03-15 18:07:21.902 DEBUG 14760 --- [ool-26-thread-1] tourGuide.tracker.Tracker                : Tracker sleeping
2023-03-15 18:07:22.043  INFO 14760 --- [    Test worker] tourGuide.service.TourGuideService       : TestMode enabled
2023-03-15 18:07:22.044 DEBUG 14760 --- [    Test worker] tourGuide.service.TourGuideService       : Initializing users
2023-03-15 18:07:22.044 DEBUG 14760 --- [    Test worker] tourGuide.service.TourGuideService       : Created 0 internal test users.
2023-03-15 18:07:22.044 DEBUG 14760 --- [    Test worker] tourGuide.service.TourGuideService       : Finished initializing users
2023-03-15 18:07:22.044 DEBUG 14760 --- [ool-29-thread-1] tourGuide.tracker.Tracker                : Begin Tracker. Tracking 0 users.
2023-03-15 18:07:22.044 DEBUG 14760 --- [ool-29-thread-1] tourGuide.tracker.Tracker                : Tracker Time Elapsed: 0 seconds.
2023-03-15 18:07:22.044 DEBUG 14760 --- [ool-29-thread-1] tourGuide.tracker.Tracker                : Tracker sleeping
2023-03-15 18:07:22.154  INFO 14760 --- [    Test worker] tourGuide.service.TourGuideService       : TestMode enabled
2023-03-15 18:07:22.156 DEBUG 14760 --- [    Test worker] tourGuide.service.TourGuideService       : Initializing users
2023-03-15 18:07:22.158 DEBUG 14760 --- [    Test worker] tourGuide.service.TourGuideService       : Created 0 internal test users.
2023-03-15 18:07:22.158 DEBUG 14760 --- [    Test worker] tourGuide.service.TourGuideService       : Finished initializing users
2023-03-15 18:07:22.159 DEBUG 14760 --- [ool-32-thread-1] tourGuide.tracker.Tracker                : Begin Tracker. Tracking 0 users.
2023-03-15 18:07:22.159 DEBUG 14760 --- [ool-32-thread-1] tourGuide.tracker.Tracker                : Tracker Time Elapsed: 0 seconds.
2023-03-15 18:07:22.159 DEBUG 14760 --- [ool-32-thread-1] tourGuide.tracker.Tracker                : Tracker sleeping
2023-03-15 18:07:22.350  INFO 14760 --- [    Test worker] tourGuide.service.TourGuideService       : TestMode enabled
2023-03-15 18:07:22.351 DEBUG 14760 --- [    Test worker] tourGuide.service.TourGuideService       : Initializing users
2023-03-15 18:07:22.351 DEBUG 14760 --- [    Test worker] tourGuide.service.TourGuideService       : Created 0 internal test users.
2023-03-15 18:07:22.351 DEBUG 14760 --- [    Test worker] tourGuide.service.TourGuideService       : Finished initializing users
2023-03-15 18:07:22.352 DEBUG 14760 --- [ool-35-thread-1] tourGuide.tracker.Tracker                : Begin Tracker. Tracking 0 users.
2023-03-15 18:07:22.353 DEBUG 14760 --- [ool-35-thread-1] tourGuide.tracker.Tracker                : Tracker Time Elapsed: 0 seconds.
2023-03-15 18:07:22.353 DEBUG 14760 --- [ool-35-thread-1] tourGuide.tracker.Tracker                : Tracker sleeping
]]></system-out>
  <system-err><![CDATA[]]></system-err>
</testsuite>
